2024-09-24 15:23:47,180 [INFO] Activator:176 - 


2024-09-24 15:23:47,182 [INFO] Activator:177 - !SESSION log4j initialized
2024-09-24 15:23:49,585 [INFO] LogOutputStream:77 - [STDOUT_REDIRECT] 
2024-09-24 15:23:54,624 [INFO] ApplicationProperties:184 - Using Application install path: C:\ST\STM32CubeIDE_1.16.1\STM32CubeIDE\plugins\com.st.stm32cube.common.mx_6.12.1.202409122256
2024-09-24 15:23:54,642 [INFO] DbMcusXml:78 - Set database path to: C:\ST\STM32CubeIDE_1.16.1\STM32CubeIDE\plugins\com.st.stm32cube.common.mx_6.12.1.202409122256\\db\/mcu/
2024-09-24 15:23:54,642 [INFO] ApiDb:274 - Set plugin database path to: C:\ST\STM32CubeIDE_1.16.1\STM32CubeIDE\plugins\com.st.stm32cube.common.mx_6.12.1.202409122256\\db\/plugins/boardmanager/
2024-09-24 15:23:54,643 [WARN] ApiDb:259 - Overriding images path with different value:  => C:\ST\STM32CubeIDE_1.16.1\STM32CubeIDE\plugins\com.st.stm32cube.common.mx_6.12.1.202409122256\\db\/plugins/mcufinder/images/
2024-09-24 15:23:55,763 [WARN] ApiFinderProperties:113 - C:\Users\DerekDuan\.stmcufinder\plugins\mcufinder\mcu\mcuFinder.mfd doesn't exist
2024-09-24 15:23:55,764 [INFO] ApiDb:250 - Set database path to: C:\Users\DerekDuan\.stmcufinder\plugins\mcufinder//mcu/
2024-09-24 15:23:55,765 [INFO] DbMcusAds:125 - Set database path to: C:\Users\DerekDuan\.stmcufinder\plugins\mcufinder//mcu/
2024-09-24 15:23:55,768 [INFO] CrossReferenceDbSqlite:203 - Set database path to: C:\Users\DerekDuan\.stmcufinder\plugins\mcufinder//mcu/cs/
2024-09-24 15:23:55,847 [INFO] RulesReader:64 - Compatibility file has been processed (297 Rules)
2024-09-24 15:23:55,915 [INFO] DbMcusXml:78 - Set database path to: C:\ST\STM32CubeIDE_1.16.1\STM32CubeIDE\plugins\com.st.stm32cube.common.mx_6.12.1.202409122256\\db\/mcu/
2024-09-24 15:23:55,915 [INFO] ApiDb:274 - Set plugin database path to: C:\ST\STM32CubeIDE_1.16.1\STM32CubeIDE\plugins\com.st.stm32cube.common.mx_6.12.1.202409122256\\db\/plugins/boardmanager/
2024-09-24 15:23:55,915 [INFO] ApiDb:261 - Set plugin images path to: C:\ST\STM32CubeIDE_1.16.1\STM32CubeIDE\plugins\com.st.stm32cube.common.mx_6.12.1.202409122256\\db\/plugins/mcufinder/images/
2024-09-24 15:23:55,915 [WARN] DbFile:41 - Overriding database path with different value: C:\Users\DerekDuan\.stmcufinder\plugins\mcufinder/ => C:\Users\DerekDuan\.stmcufinder\plugins\mcufinder
2024-09-24 15:23:55,915 [INFO] ApiDb:250 - Set database path to: C:\Users\DerekDuan\.stmcufinder\plugins\mcufinder//mcu/
2024-09-24 15:23:55,916 [WARN] DbFile:41 - Overriding database path with different value: C:\Users\DerekDuan\.stmcufinder\plugins\mcufinder/ => C:\Users\DerekDuan\.stmcufinder\plugins\mcufinder
2024-09-24 15:23:55,916 [INFO] DbMcusAds:125 - Set database path to: C:\Users\DerekDuan\.stmcufinder\plugins\mcufinder//mcu/
2024-09-24 15:23:55,916 [WARN] DbFile:41 - Overriding database path with different value: C:\Users\DerekDuan\.stmcufinder\plugins\mcufinder/ => C:\Users\DerekDuan\.stmcufinder\plugins\mcufinder
2024-09-24 15:23:55,916 [WARN] DbFile:41 - Overriding database path with different value: C:\Users\DerekDuan\.stmcufinder\plugins\mcufinder/ => C:\Users\DerekDuan\.stmcufinder\plugins\mcufinder
2024-09-24 15:23:55,916 [INFO] CrossReferenceDbSqlite:203 - Set database path to: C:\Users\DerekDuan\.stmcufinder\plugins\mcufinder//mcu/cs/
2024-09-24 15:23:55,986 [INFO] MainPanel:268 - HeapMemory: 288358400
2024-09-24 15:23:56,077 [INFO] DbMcusXml:78 - Set database path to: C:\ST\STM32CubeIDE_1.16.1\STM32CubeIDE\plugins\com.st.stm32cube.common.mx_6.12.1.202409122256\\db\/mcu/
2024-09-24 15:23:56,077 [INFO] ApiDb:274 - Set plugin database path to: C:\ST\STM32CubeIDE_1.16.1\STM32CubeIDE\plugins\com.st.stm32cube.common.mx_6.12.1.202409122256\\db\/plugins/boardmanager/
2024-09-24 15:23:56,077 [INFO] ApiDb:261 - Set plugin images path to: C:\ST\STM32CubeIDE_1.16.1\STM32CubeIDE\plugins\com.st.stm32cube.common.mx_6.12.1.202409122256\\db\/plugins/mcufinder/images/
2024-09-24 15:23:56,077 [WARN] DbFile:41 - Overriding database path with different value: C:\Users\DerekDuan\.stmcufinder\plugins\mcufinder/ => C:\Users\DerekDuan\.stmcufinder\plugins\mcufinder
2024-09-24 15:23:56,077 [INFO] ApiDb:250 - Set database path to: C:\Users\DerekDuan\.stmcufinder\plugins\mcufinder//mcu/
2024-09-24 15:23:56,077 [WARN] DbFile:41 - Overriding database path with different value: C:\Users\DerekDuan\.stmcufinder\plugins\mcufinder/ => C:\Users\DerekDuan\.stmcufinder\plugins\mcufinder
2024-09-24 15:23:56,077 [INFO] DbMcusAds:125 - Set database path to: C:\Users\DerekDuan\.stmcufinder\plugins\mcufinder//mcu/
2024-09-24 15:23:56,077 [WARN] DbFile:41 - Overriding database path with different value: C:\Users\DerekDuan\.stmcufinder\plugins\mcufinder/ => C:\Users\DerekDuan\.stmcufinder\plugins\mcufinder
2024-09-24 15:23:56,078 [WARN] DbFile:41 - Overriding database path with different value: C:\Users\DerekDuan\.stmcufinder\plugins\mcufinder/ => C:\Users\DerekDuan\.stmcufinder\plugins\mcufinder
2024-09-24 15:23:56,078 [INFO] CrossReferenceDbSqlite:203 - Set database path to: C:\Users\DerekDuan\.stmcufinder\plugins\mcufinder//mcu/cs/
2024-09-24 15:23:56,090 [INFO] ApplicationProperties:184 - Using Application install path: C:\ST\STM32CubeIDE_1.16.1\STM32CubeIDE\plugins\com.st.stm32cube.common.mx_6.12.1.202409122256
2024-09-24 15:23:56,091 [INFO] PluginManage:196 - Search for loadable plugins [exclusion list=, ]
2024-09-24 15:23:56,092 [INFO] PluginManage:310 - Check plugin analytics
2024-09-24 15:23:56,217 [INFO] AnalyticsPlugin:253 - Accepted Software Licenses: 
2024-09-24 15:23:56,217 [INFO] AnalyticsPlugin:255 - Accepted CMSIS Pack Licenses: 
2024-09-24 15:23:56,218 [INFO] AnalyticsPlugin:257 - Accepted Firmware Licenses: 
2024-09-24 15:23:56,220 [INFO] PluginManage:359 - Loaded plugin analytics (category:tool,tabindex:-1)
2024-09-24 15:23:56,221 [INFO] PluginManage:310 - Check plugin cadmodel
2024-09-24 15:23:56,225 [INFO] CADModel:105 - Init CAD model plugin
2024-09-24 15:23:56,225 [INFO] PluginManage:359 - Loaded plugin cadmodel (category:power,tabindex:5)
2024-09-24 15:23:56,226 [INFO] PluginManage:310 - Check plugin clock
2024-09-24 15:23:56,237 [INFO] PluginManage:359 - Loaded plugin clock (category:base,tabindex:2)
2024-09-24 15:23:56,238 [INFO] PluginManage:310 - Check plugin ddr
2024-09-24 15:23:56,241 [INFO] PluginManage:359 - Loaded plugin ddr (category:tool,tabindex:6)
2024-09-24 15:23:56,241 [INFO] PluginManage:310 - Check plugin filemanager
2024-09-24 15:23:56,398 [INFO] PluginManage:359 - Loaded plugin filemanager (category:base,tabindex:10)
2024-09-24 15:23:56,398 [INFO] PluginManage:310 - Check plugin ipmanager
2024-09-24 15:23:56,408 [INFO] PluginManage:359 - Loaded plugin ipmanager (category:base,tabindex:5)
2024-09-24 15:23:56,409 [INFO] PluginManage:310 - Check plugin lpbam
2024-09-24 15:23:56,418 [INFO] PluginManage:359 - Loaded plugin lpbam (category:base,tabindex:0)
2024-09-24 15:23:56,418 [INFO] PluginManage:310 - Check plugin memorymap
2024-09-24 15:23:56,436 [INFO] PluginManage:359 - Loaded plugin memorymap (category:base,tabindex:4)
2024-09-24 15:23:56,437 [INFO] PluginManage:310 - Check plugin pinoutandconfiguration
2024-09-24 15:23:56,446 [INFO] PluginManage:359 - Loaded plugin pinoutandconfiguration (category:base,tabindex:1)
2024-09-24 15:23:56,446 [INFO] PluginManage:310 - Check plugin pinoutconfig
2024-09-24 15:23:56,528 [WARN] SupportedApi:132 - Cannot load RTOS API schema: s4s-elt-must-match.1: The content of 'definitions' must match (annotation?, (simpleType | complexType)?, (unique | key | keyref)*)). A problem was found starting at: attribute.
2024-09-24 15:23:56,626 [INFO] PluginManage:359 - Loaded plugin pinoutconfig (category:base,tabindex:0)
2024-09-24 15:23:56,626 [INFO] PluginManage:310 - Check plugin power
2024-09-24 15:23:56,632 [INFO] PluginManage:359 - Loaded plugin power (category:power,tabindex:4)
2024-09-24 15:23:56,632 [INFO] PluginManage:310 - Check plugin projectmanager
2024-09-24 15:23:56,644 [INFO] PluginManage:359 - Loaded plugin projectmanager (category:projectmanager,tabindex:4)
2024-09-24 15:23:56,644 [INFO] PluginManage:310 - Check plugin rif
2024-09-24 15:23:56,648 [INFO] PluginManage:359 - Loaded plugin rif (category:base,tabindex:3)
2024-09-24 15:23:56,649 [INFO] PluginManage:310 - Check plugin thirdparty
2024-09-24 15:23:56,747 [INFO] PluginManage:359 - Loaded plugin thirdparty (category:base,tabindex:-1)
2024-09-24 15:23:56,747 [INFO] PluginManage:310 - Check plugin tools
2024-09-24 15:23:56,747 [WARN] IntegrityCheckThread:84 - waiting for thirdparty lock release [integrity check]
2024-09-24 15:23:56,748 [INFO] IntegrityCheckThread:86 - entering critical section [integrity check]
2024-09-24 15:23:56,748 [INFO] ThirdPartyUpdaterWithRetryManager:70 - Updater plugin not ready yet. [1/15]
2024-09-24 15:23:56,750 [INFO] PluginManage:359 - Loaded plugin tools (category:base,tabindex:7)
2024-09-24 15:23:56,750 [INFO] PluginManage:310 - Check plugin tutovideos
2024-09-24 15:23:56,874 [INFO] PluginManage:359 - Loaded plugin tutovideos (category:base,tabindex:-1)
2024-09-24 15:23:56,874 [INFO] PluginManage:310 - Check plugin updater
2024-09-24 15:23:56,885 [INFO] PluginManage:359 - Loaded plugin updater (category:base,tabindex:12)
2024-09-24 15:23:56,885 [INFO] PluginManage:310 - Check plugin userauth
2024-09-24 15:23:56,889 [INFO] UserAuth:113 - Init User Auth plugin
2024-09-24 15:23:56,889 [INFO] PluginManage:359 - Loaded plugin userauth (category:base,tabindex:14)
2024-09-24 15:23:56,889 [INFO] PluginManage:283 - PluginManage : Loaded plugins [18]
2024-09-24 15:23:57,032 [INFO] PinOutPanel:1561 - setPackage(No Configuration,No Configuration)
2024-09-24 15:23:57,101 [INFO] CADModel:165 - CPN selected for project level
2024-09-24 15:23:57,101 [INFO] CADModel:114 - Register for checkConnection events
2024-09-24 15:23:57,114 [INFO] IPUIPlugin:80 - create IPUIPlugin
2024-09-24 15:23:57,114 [INFO] PluginManager:220 - loadIPPluginJar : add adc
2024-09-24 15:23:57,116 [INFO] IPUIPlugin:80 - create IPUIPlugin
2024-09-24 15:23:57,116 [INFO] PluginManager:220 - loadIPPluginJar : add aes
2024-09-24 15:23:57,118 [INFO] IPUIPlugin:80 - create IPUIPlugin
2024-09-24 15:23:57,118 [INFO] PluginManager:220 - loadIPPluginJar : add can
2024-09-24 15:23:57,120 [INFO] IPUIPlugin:80 - create IPUIPlugin
2024-09-24 15:23:57,120 [INFO] PluginManager:220 - loadIPPluginJar : add comp
2024-09-24 15:23:57,121 [INFO] IPUIPlugin:80 - create IPUIPlugin
2024-09-24 15:23:57,121 [INFO] PluginManager:220 - loadIPPluginJar : add cryp
2024-09-24 15:23:57,123 [INFO] IPUIPlugin:80 - create IPUIPlugin
2024-09-24 15:23:57,123 [INFO] PluginManager:220 - loadIPPluginJar : add ddr_ctrl_phy
2024-09-24 15:23:57,125 [INFO] IPUIPlugin:80 - create IPUIPlugin
2024-09-24 15:23:57,125 [INFO] PluginManager:220 - loadIPPluginJar : add dfsdm
2024-09-24 15:23:57,129 [INFO] IPUIPlugin:80 - create IPUIPlugin
2024-09-24 15:23:57,130 [INFO] PluginManager:220 - loadIPPluginJar : add dma
2024-09-24 15:23:57,132 [INFO] IPUIPlugin:80 - create IPUIPlugin
2024-09-24 15:23:57,132 [INFO] PluginManager:220 - loadIPPluginJar : add dma3
2024-09-24 15:23:57,134 [INFO] IPUIPlugin:80 - create IPUIPlugin
2024-09-24 15:23:57,134 [INFO] PluginManager:220 - loadIPPluginJar : add extmemmanager
2024-09-24 15:23:57,135 [INFO] IPUIPlugin:80 - create IPUIPlugin
2024-09-24 15:23:57,135 [INFO] PluginManager:220 - loadIPPluginJar : add fatfs
2024-09-24 15:23:57,139 [INFO] IPUIPlugin:80 - create IPUIPlugin
2024-09-24 15:23:57,139 [INFO] PluginManager:220 - loadIPPluginJar : add fmc
2024-09-24 15:23:57,143 [INFO] IPUIPlugin:80 - create IPUIPlugin
2024-09-24 15:23:57,143 [INFO] PluginManager:220 - loadIPPluginJar : add freertos
2024-09-24 15:23:57,144 [INFO] IPUIPlugin:80 - create IPUIPlugin
2024-09-24 15:23:57,144 [INFO] PluginManager:220 - loadIPPluginJar : add genericplugin
2024-09-24 15:23:57,146 [INFO] IPUIPlugin:80 - create IPUIPlugin
2024-09-24 15:23:57,146 [INFO] PluginManager:220 - loadIPPluginJar : add gfxmmu
2024-09-24 15:23:57,150 [INFO] IPUIPlugin:80 - create IPUIPlugin
2024-09-24 15:23:57,150 [INFO] PluginManager:220 - loadIPPluginJar : add gic
2024-09-24 15:23:57,153 [INFO] IPUIPlugin:80 - create IPUIPlugin
2024-09-24 15:23:57,153 [INFO] PluginManager:220 - loadIPPluginJar : add gpio
2024-09-24 15:23:57,156 [INFO] IPUIPlugin:80 - create IPUIPlugin
2024-09-24 15:23:57,156 [INFO] PluginManager:220 - loadIPPluginJar : add gtzc
2024-09-24 15:23:57,158 [INFO] IPUIPlugin:80 - create IPUIPlugin
2024-09-24 15:23:57,158 [INFO] PluginManager:220 - loadIPPluginJar : add hash
2024-09-24 15:23:57,160 [INFO] IPUIPlugin:80 - create IPUIPlugin
2024-09-24 15:23:57,160 [INFO] PluginManager:220 - loadIPPluginJar : add i2c
2024-09-24 15:23:57,162 [INFO] IPUIPlugin:80 - create IPUIPlugin
2024-09-24 15:23:57,162 [INFO] PluginManager:220 - loadIPPluginJar : add i2s
2024-09-24 15:23:57,164 [INFO] IPUIPlugin:80 - create IPUIPlugin
2024-09-24 15:23:57,164 [INFO] PluginManager:220 - loadIPPluginJar : add i3c
2024-09-24 15:23:57,166 [INFO] IPUIPlugin:80 - create IPUIPlugin
2024-09-24 15:23:57,166 [INFO] PluginManager:220 - loadIPPluginJar : add ipddr
2024-09-24 15:23:57,172 [INFO] IPUIPlugin:80 - create IPUIPlugin
2024-09-24 15:23:57,172 [INFO] PluginManager:220 - loadIPPluginJar : add linkedlist
2024-09-24 15:23:57,174 [INFO] IPUIPlugin:80 - create IPUIPlugin
2024-09-24 15:23:57,174 [INFO] PluginManager:220 - loadIPPluginJar : add lorawan
2024-09-24 15:23:57,176 [INFO] IPUIPlugin:80 - create IPUIPlugin
2024-09-24 15:23:57,176 [INFO] PluginManager:220 - loadIPPluginJar : add ltdc
2024-09-24 15:23:57,179 [INFO] IPUIPlugin:80 - create IPUIPlugin
2024-09-24 15:23:57,179 [INFO] PluginManager:220 - loadIPPluginJar : add mdma
2024-09-24 15:23:57,183 [INFO] IPUIPlugin:80 - create IPUIPlugin
2024-09-24 15:23:57,183 [INFO] PluginManager:220 - loadIPPluginJar : add nvic
2024-09-24 15:23:57,186 [INFO] IPUIPlugin:80 - create IPUIPlugin
2024-09-24 15:23:57,186 [INFO] PluginManager:220 - loadIPPluginJar : add opamp
2024-09-24 15:23:57,188 [INFO] IPUIPlugin:80 - create IPUIPlugin
2024-09-24 15:23:57,188 [INFO] PluginManager:220 - loadIPPluginJar : add openamp
2024-09-24 15:23:57,192 [INFO] IPUIPlugin:80 - create IPUIPlugin
2024-09-24 15:23:57,192 [INFO] PluginManager:220 - loadIPPluginJar : add pdm2pcm
2024-09-24 15:23:57,198 [INFO] IPUIPlugin:80 - create IPUIPlugin
2024-09-24 15:23:57,199 [INFO] PluginManager:220 - loadIPPluginJar : add plateformsettings
2024-09-24 15:23:57,201 [INFO] IPUIPlugin:80 - create IPUIPlugin
2024-09-24 15:23:57,201 [INFO] PluginManager:220 - loadIPPluginJar : add quadspi
2024-09-24 15:23:57,203 [INFO] IPUIPlugin:80 - create IPUIPlugin
2024-09-24 15:23:57,203 [INFO] PluginManager:220 - loadIPPluginJar : add radio
2024-09-24 15:23:57,207 [INFO] IPUIPlugin:80 - create IPUIPlugin
2024-09-24 15:23:57,208 [INFO] PluginManager:220 - loadIPPluginJar : add resmgrutility
2024-09-24 15:23:57,210 [INFO] IPUIPlugin:80 - create IPUIPlugin
2024-09-24 15:23:57,210 [INFO] PluginManager:220 - loadIPPluginJar : add sai
2024-09-24 15:23:57,213 [INFO] IPUIPlugin:80 - create IPUIPlugin
2024-09-24 15:23:57,213 [INFO] PluginManager:220 - loadIPPluginJar : add spi
2024-09-24 15:23:57,217 [INFO] IPUIPlugin:80 - create IPUIPlugin
2024-09-24 15:23:57,217 [INFO] PluginManager:220 - loadIPPluginJar : add stm32_wpan
2024-09-24 15:23:57,218 [INFO] IPUIPlugin:80 - create IPUIPlugin
2024-09-24 15:23:57,218 [INFO] PluginManager:220 - loadIPPluginJar : add tim
2024-09-24 15:23:57,220 [INFO] IPUIPlugin:80 - create IPUIPlugin
2024-09-24 15:23:57,220 [INFO] PluginManager:220 - loadIPPluginJar : add touchsensing
2024-09-24 15:23:57,222 [INFO] IPUIPlugin:80 - create IPUIPlugin
2024-09-24 15:23:57,223 [INFO] PluginManager:220 - loadIPPluginJar : add tracer_emb
2024-09-24 15:23:57,225 [INFO] IPUIPlugin:80 - create IPUIPlugin
2024-09-24 15:23:57,225 [INFO] PluginManager:220 - loadIPPluginJar : add ts
2024-09-24 15:23:57,226 [INFO] IPUIPlugin:80 - create IPUIPlugin
2024-09-24 15:23:57,226 [INFO] PluginManager:220 - loadIPPluginJar : add tsc
2024-09-24 15:23:57,227 [INFO] IPUIPlugin:80 - create IPUIPlugin
2024-09-24 15:23:57,227 [INFO] PluginManager:220 - loadIPPluginJar : add ucpd
2024-09-24 15:23:57,229 [INFO] IPUIPlugin:80 - create IPUIPlugin
2024-09-24 15:23:57,229 [INFO] PluginManager:220 - loadIPPluginJar : add usart
2024-09-24 15:23:57,232 [INFO] IPUIPlugin:80 - create IPUIPlugin
2024-09-24 15:23:57,232 [INFO] PluginManager:220 - loadIPPluginJar : add usbx
2024-09-24 15:23:57,341 [INFO] CADModel:165 - CPN selected for project level
2024-09-24 15:23:57,342 [INFO] CADModel:114 - Register for checkConnection events
2024-09-24 15:23:57,342 [FATAL] Updater:334 - Updater called before beeing initialized
2024-09-24 15:23:57,342 [ERROR] CADModel:125 - Updater not yet initialized, retry later 
2024-09-24 15:23:57,420 [INFO] CADModel:165 - CPN selected for project level
2024-09-24 15:23:57,421 [INFO] CADModel:114 - Register for checkConnection events
2024-09-24 15:23:57,421 [FATAL] Updater:334 - Updater called before beeing initialized
2024-09-24 15:23:57,421 [ERROR] CADModel:125 - Updater not yet initialized, retry later 
2024-09-24 15:23:57,424 [FATAL] Updater:334 - Updater called before beeing initialized
2024-09-24 15:23:57,516 [FATAL] Updater:334 - Updater called before beeing initialized
2024-09-24 15:23:57,520 [INFO] DbMcusAds:53 - JSON generation date=Thu Sep 30 14:55:09 CST 2021 (1632984909247)
2024-09-24 15:23:57,520 [FATAL] Updater:334 - Updater called before beeing initialized
2024-09-24 15:23:57,545 [WARN] DetailPanel:346 - Failed to get advertising image, set to default
2024-09-24 15:23:57,620 [FATAL] Updater:334 - Updater called before beeing initialized
2024-09-24 15:23:57,622 [FATAL] Updater:334 - Updater called before beeing initialized
2024-09-24 15:23:57,622 [FATAL] Updater:334 - Updater called before beeing initialized
2024-09-24 15:23:57,622 [WARN] DetailPanel:346 - Failed to get advertising image, set to default
2024-09-24 15:23:57,622 [FATAL] Updater:334 - Updater called before beeing initialized
2024-09-24 15:23:57,655 [ERROR] Updater:1164 - MainUpdater not yet initialized. External WinMGr cannot be set.
2024-09-24 15:23:57,656 [INFO] Updater:1100 - Updater Version found : 6.12.1
2024-09-24 15:23:57,668 [INFO] ApplicationProperties:184 - Using Application install path: C:\ST\STM32CubeIDE_1.16.1\STM32CubeIDE\plugins\com.st.stm32cube.common.mx_6.12.1.202409122256
2024-09-24 15:23:59,233 [ERROR] LogOutputStream:75 - [STDERR_REDIRECT] Sep 24, 2024 3:23:59 PM java.util.prefs.WindowsPreferences <init>
2024-09-24 15:23:59,234 [ERROR] LogOutputStream:75 - [STDERR_REDIRECT] WARNING: Could not open/create prefs root node Software\JavaSoft\Prefs at root 0xffffffff80000002. Windows RegCreateKeyEx(...) returned error code 5.
2024-09-24 15:23:59,234 [ERROR] LogOutputStream:75 - [STDERR_REDIRECT] 
2024-09-24 15:23:59,247 [INFO] MainUpdater:526 - Copy updater definitions from MX database
2024-09-24 15:23:59,269 [INFO] MainUpdater:559 - Copy flag file definitions from MX database
2024-09-24 15:23:59,271 [INFO] MainUpdater:575 - Copy thirdparty index definitions from MX database
2024-09-24 15:23:59,272 [INFO] MainUpdater:594 - Copy default thirdparty db definitions from MX database
2024-09-24 15:23:59,609 [INFO] MainUpdater:2873 - connection check result : 10
2024-09-24 15:23:59,610 [INFO] MainUpdater:3567 - Updater definition file requires update
2024-09-24 15:23:59,611 [INFO] MainUpdater:290 - Updater Check For Update Now.
2024-09-24 15:23:59,611 [INFO] MicroXplorer:498 - Change Database Version : DB.6.0.121
2024-09-24 15:23:59,615 [INFO] McuFinderGlobals:63 - Set McuFinder mode to 2 (CubeIDE integrated)
2024-09-24 15:23:59,615 [INFO] UserAuth:179 - activating auth plugin
2024-09-24 15:23:59,616 [INFO] UserAuth:417 - Internet connection configuration mode: 1
2024-09-24 15:23:59,629 [INFO] JxBrowserEngine:152 - Initiate JxBrowser Engine with user profile folder
2024-09-24 15:23:59,749 [WARN] MainUpdater:1194 - Updater busy. Cannot search thirdparties
2024-09-24 15:23:59,749 [INFO] ThirdPartyUpdaterWithRetryManager:96 - Updater plugin is busy. [1/15]
2024-09-24 15:23:59,902 [INFO] ServerAccessManage:473 - Download File updaters.zip
2024-09-24 15:23:59,988 [INFO] FileExtend:240 - Unzip File : updaters.zip
2024-09-24 15:23:59,989 [INFO] FileExtend:255 - Standard Zip Deflate
2024-09-24 15:24:00,312 [INFO] ServerAccessManage:473 - Download File PacksControlFlags.xml
2024-09-24 15:24:00,365 [INFO] ServerAccessManage:473 - Download File cubemx.pidx
2024-09-24 15:24:00,492 [INFO] ServerAccessManage:473 - Download File STMicroelectronics.FP-ATR-ASTRA1.pdsc
2024-09-24 15:24:00,715 [INFO] ServerAccessManage:473 - Download File STMicroelectronics.FP-ATR-SIGFOX1.pdsc
2024-09-24 15:24:00,828 [INFO] ServerAccessManage:473 - Download File STMicroelectronics.FP-SNS-STBOX1.pdsc
2024-09-24 15:24:00,941 [INFO] ServerAccessManage:473 - Download File STMicroelectronics.FP-SNS-FLIGHT1.pdsc
2024-09-24 15:24:01,176 [INFO] ServerAccessManage:473 - Download File STMicroelectronics.FP-SNS-MOTENV1.pdsc
2024-09-24 15:24:01,461 [INFO] ServerAccessManage:473 - Download File STMicroelectronics.FP-SNS-MOTENVWB1.pdsc
2024-09-24 15:24:01,702 [INFO] ServerAccessManage:473 - Download File STMicroelectronics.FP-SNS-SMARTAG2.pdsc
2024-09-24 15:24:01,815 [INFO] ServerAccessManage:473 - Download File STMicroelectronics.X-CUBE-AI.pdsc
2024-09-24 15:24:02,750 [WARN] MainUpdater:1194 - Updater busy. Cannot search thirdparties
2024-09-24 15:24:02,750 [INFO] ThirdPartyUpdaterWithRetryManager:96 - Updater plugin is busy. [2/15]
2024-09-24 15:24:02,887 [INFO] ServerAccessManage:473 - Download File STMicroelectronics.X-CUBE-ALS.pdsc
2024-09-24 15:24:03,101 [INFO] ServerAccessManage:473 - Download File STMicroelectronics.X-CUBE-BLE1.pdsc
2024-09-24 15:24:04,718 [ERROR] ServerAccessManage:1089 - Problem, file not found on Server
2024-09-24 15:24:04,772 [INFO] ServerAccessManage:473 - Download File STMicroelectronics.X-CUBE-BLE2.pdsc
2024-09-24 15:24:05,414 [INFO] ServerAccessManage:473 - Download File STMicroelectronics.X-CUBE-BLEMGR.pdsc
2024-09-24 15:24:05,750 [WARN] MainUpdater:1194 - Updater busy. Cannot search thirdparties
2024-09-24 15:24:05,750 [INFO] ThirdPartyUpdaterWithRetryManager:96 - Updater plugin is busy. [3/15]
2024-09-24 15:24:05,757 [INFO] WebApp:167 - Instantiating new browser for Auth
2024-09-24 15:24:06,226 [INFO] ServerAccessManage:473 - Download File STMicroelectronics.X-CUBE-DISPLAY.pdsc
2024-09-24 15:24:06,783 [INFO] ServerAccessManage:473 - Download File STMicroelectronics.X-CUBE-DPOWER.pdsc
2024-09-24 15:24:06,900 [INFO] WebApp:448 - Apply proxy settings
2024-09-24 15:24:06,900 [INFO] WebApp:533 - Chromium requires no authentication
2024-09-24 15:24:06,908 [INFO] WebApp:476 - Direct internet connection detected
2024-09-24 15:24:06,925 [INFO] WebApp:869 - Register for checkConnection events
2024-09-24 15:24:06,925 [INFO] WebApp:448 - Apply proxy settings
2024-09-24 15:24:06,926 [INFO] WebApp:533 - Chromium requires no authentication
2024-09-24 15:24:06,926 [INFO] WebApp:476 - Direct internet connection detected
2024-09-24 15:24:07,044 [INFO] WebApp:220 - Starting web application
2024-09-24 15:24:07,044 [INFO] WebApp:578 - Web application path used C:\ST\STM32CubeIDE_1.16.1\STM32CubeIDE\plugins\com.st.stm32cube.common.mx_6.12.1.202409122256\db\plugins\mcufinder\reactClient1\index.html
2024-09-24 15:24:07,204 [ERROR] ServerAccessManage:1089 - Problem, file not found on Server
2024-09-24 15:24:07,990 [ERROR] ServerAccessManage:1089 - Problem, file not found on Server
2024-09-24 15:24:08,751 [WARN] MainUpdater:1194 - Updater busy. Cannot search thirdparties
2024-09-24 15:24:08,751 [INFO] ThirdPartyUpdaterWithRetryManager:96 - Updater plugin is busy. [4/15]
2024-09-24 15:24:09,653 [ERROR] ServerAccessManage:1089 - Problem, file not found on Server
2024-09-24 15:24:10,399 [ERROR] ServerAccessManage:1089 - Problem, file not found on Server
2024-09-24 15:24:11,141 [ERROR] ServerAccessManage:1089 - Problem, file not found on Server
2024-09-24 15:24:11,519 [ERROR] ServerAccessManage:1089 - Problem, file not found on Server
2024-09-24 15:24:11,752 [WARN] MainUpdater:1194 - Updater busy. Cannot search thirdparties
2024-09-24 15:24:11,752 [INFO] ThirdPartyUpdaterWithRetryManager:96 - Updater plugin is busy. [5/15]
2024-09-24 15:24:12,263 [ERROR] ServerAccessManage:1089 - Problem, file not found on Server
2024-09-24 15:24:13,397 [ERROR] ServerAccessManage:1089 - Problem, file not found on Server
2024-09-24 15:24:14,069 [ERROR] ServerAccessManage:1089 - Problem, file not found on Server
2024-09-24 15:24:14,753 [WARN] MainUpdater:1194 - Updater busy. Cannot search thirdparties
2024-09-24 15:24:14,753 [INFO] ThirdPartyUpdaterWithRetryManager:96 - Updater plugin is busy. [6/15]
2024-09-24 15:24:14,835 [ERROR] ServerAccessManage:1089 - Problem, file not found on Server
2024-09-24 15:24:15,576 [ERROR] ServerAccessManage:1089 - Problem, file not found on Server
2024-09-24 15:24:15,629 [INFO] ServerAccessManage:473 - Download File STMicroelectronics.X-CUBE-EEPRMA1.pdsc
2024-09-24 15:24:16,451 [ERROR] ServerAccessManage:1089 - Problem, file not found on Server
2024-09-24 15:24:17,476 [ERROR] ServerAccessManage:1089 - Problem, file not found on Server
2024-09-24 15:24:17,754 [WARN] MainUpdater:1194 - Updater busy. Cannot search thirdparties
2024-09-24 15:24:17,754 [INFO] ThirdPartyUpdaterWithRetryManager:96 - Updater plugin is busy. [7/15]
2024-09-24 15:24:19,226 [INFO] ServerAccessManage:473 - Download File STMicroelectronics.X-CUBE-FREERTOS.pdsc
2024-09-24 15:24:19,496 [INFO] ServerAccessManage:473 - Download File STMicroelectronics.X-CUBE-GNSS1.pdsc
2024-09-24 15:24:20,755 [WARN] MainUpdater:1194 - Updater busy. Cannot search thirdparties
2024-09-24 15:24:20,870 [INFO] ThirdPartyUpdaterWithRetryManager:96 - Updater plugin is busy. [8/15]
2024-09-24 15:24:20,899 [ERROR] ServerAccessManage:1089 - Problem, file not found on Server
2024-09-24 15:24:21,651 [ERROR] ServerAccessManage:1089 - Problem, file not found on Server
2024-09-24 15:24:22,400 [ERROR] ServerAccessManage:1089 - Problem, file not found on Server
2024-09-24 15:24:23,168 [ERROR] ServerAccessManage:1089 - Problem, file not found on Server
2024-09-24 15:24:23,874 [WARN] MainUpdater:1194 - Updater busy. Cannot search thirdparties
2024-09-24 15:24:23,874 [INFO] ThirdPartyUpdaterWithRetryManager:96 - Updater plugin is busy. [9/15]
2024-09-24 15:24:23,916 [ERROR] ServerAccessManage:1089 - Problem, file not found on Server
2024-09-24 15:24:24,669 [ERROR] ServerAccessManage:1089 - Problem, file not found on Server
2024-09-24 15:24:24,722 [INFO] ServerAccessManage:473 - Download File STMicroelectronics.X-CUBE-ISPU.pdsc
2024-09-24 15:24:24,989 [INFO] ServerAccessManage:473 - Download File STMicroelectronics.X-CUBE-MEMS1.pdsc
2024-09-24 15:24:26,888 [WARN] MainUpdater:1194 - Updater busy. Cannot search thirdparties
2024-09-24 15:24:26,888 [INFO] ThirdPartyUpdaterWithRetryManager:96 - Updater plugin is busy. [10/15]
2024-09-24 15:24:29,748 [INFO] ServerAccessManage:473 - Download File STMicroelectronics.X-CUBE-NFC4.pdsc
2024-09-24 15:24:29,895 [WARN] MainUpdater:1194 - Updater busy. Cannot search thirdparties
2024-09-24 15:24:29,895 [INFO] ThirdPartyUpdaterWithRetryManager:96 - Updater plugin is busy. [11/15]
2024-09-24 15:24:31,701 [INFO] ServerAccessManage:473 - Download File STMicroelectronics.X-CUBE-NFC6.pdsc
2024-09-24 15:24:32,039 [INFO] ServerAccessManage:473 - Download File STMicroelectronics.X-CUBE-NFC7.pdsc
2024-09-24 15:24:32,377 [INFO] ServerAccessManage:473 - Download File STMicroelectronics.X-CUBE-SFXS2LP1.pdsc
2024-09-24 15:24:32,816 [INFO] ServerAccessManage:473 - Download File STMicroelectronics.X-CUBE-SAFEA1.pdsc
2024-09-24 15:24:32,902 [WARN] MainUpdater:1194 - Updater busy. Cannot search thirdparties
2024-09-24 15:24:32,902 [INFO] ThirdPartyUpdaterWithRetryManager:96 - Updater plugin is busy. [12/15]
2024-09-24 15:24:32,928 [INFO] ServerAccessManage:473 - Download File STMicroelectronics.X-CUBE-SUBG2.pdsc
2024-09-24 15:24:34,973 [INFO] ServerAccessManage:473 - Download File STMicroelectronics.X-CUBE-SMBUS.pdsc
2024-09-24 15:24:35,574 [ERROR] ServerAccessManage:1089 - Problem, file not found on Server
2024-09-24 15:24:35,802 [INFO] ServerAccessManage:473 - Download File STMicroelectronics.X-CUBE-TCPP.pdsc
2024-09-24 15:24:35,915 [WARN] MainUpdater:1194 - Updater busy. Cannot search thirdparties
2024-09-24 15:24:35,915 [INFO] ThirdPartyUpdaterWithRetryManager:96 - Updater plugin is busy. [13/15]
2024-09-24 15:24:36,085 [INFO] ServerAccessManage:473 - Download File STMicroelectronics.X-CUBE-TOF1.pdsc
2024-09-24 15:24:38,198 [ERROR] ServerAccessManage:1089 - Problem, file not found on Server
2024-09-24 15:24:38,484 [INFO] ServerAccessManage:473 - Download File STMicroelectronics.X-CUBE-TOUCHGFX.pdsc
2024-09-24 15:24:38,930 [WARN] MainUpdater:1194 - Updater busy. Cannot search thirdparties
2024-09-24 15:24:38,930 [INFO] ThirdPartyUpdaterWithRetryManager:96 - Updater plugin is busy. [14/15]
2024-09-24 15:24:39,914 [INFO] ServerAccessManage:473 - Download File STMicroelectronics.X-CUBE-ALGOBUILD.pdsc
2024-09-24 15:24:41,193 [INFO] ServerAccessManage:473 - Download File STMicroelectronics.X-CUBE-AZRTOS-H7.pdsc
2024-09-24 15:24:41,944 [WARN] MainUpdater:1194 - Updater busy. Cannot search thirdparties
2024-09-24 15:24:41,944 [INFO] ThirdPartyUpdaterWithRetryManager:96 - Updater plugin is busy. [15/15]
2024-09-24 15:24:41,944 [ERROR] IntegrityCheckThread:130 - Cannot retrieve database content from updater: error -1
2024-09-24 15:24:41,944 [INFO] ThirdParty:978 - Integrity check success = false
2024-09-24 15:24:41,944 [INFO] IntegrityCheckThread:100 - exiting critical section [integrity check]
2024-09-24 15:24:41,944 [INFO] IntegrityCheckThread:103 - End integrity checks thread
2024-09-24 15:24:43,697 [INFO] ServerAccessManage:473 - Download File STMicroelectronics.X-CUBE-AZRTOS-H7RS.pdsc
2024-09-24 15:24:44,005 [INFO] ServerAccessManage:473 - Download File STMicroelectronics.X-CUBE-AZRTOS-F4.pdsc
2024-09-24 15:24:44,186 [INFO] ServerAccessManage:473 - Download File STMicroelectronics.X-CUBE-AZRTOS-F7.pdsc
2024-09-24 15:24:44,582 [INFO] ServerAccessManage:473 - Download File STMicroelectronics.X-CUBE-AZRTOS-L4.pdsc
2024-09-24 15:24:44,939 [INFO] ServerAccessManage:473 - Download File STMicroelectronics.X-CUBE-AZRTOS-L5.pdsc
2024-09-24 15:24:45,686 [INFO] ServerAccessManage:473 - Download File STMicroelectronics.X-CUBE-AZRTOS-G0.pdsc
2024-09-24 15:24:46,752 [INFO] ServerAccessManage:473 - Download File STMicroelectronics.X-CUBE-AZRTOS-G4.pdsc
2024-09-24 15:24:47,299 [INFO] ServerAccessManage:473 - Download File STMicroelectronics.X-CUBE-AZRTOS-WB.pdsc
2024-09-24 15:24:47,889 [INFO] ServerAccessManage:473 - Download File STMicroelectronics.X-CUBE-AZRTOS-WL.pdsc
2024-09-24 15:24:50,350 [INFO] ServerAccessManage:473 - Download File wolfSSL.I-CUBE-wolfSSL.pdsc
2024-09-24 15:25:05,683 [ERROR] ServerAccessManage:1089 - Problem, file not found on Server
2024-09-24 15:25:06,865 [ERROR] ServerAccessManage:1089 - Problem, file not found on Server
2024-09-24 15:25:07,671 [ERROR] ServerAccessManage:1089 - Problem, file not found on Server
2024-09-24 15:25:07,971 [INFO] ServerAccessManage:473 - Download File wolfSSL.I-CUBE-wolfMQTT.pdsc
2024-09-24 15:25:17,741 [ERROR] ServerAccessManage:1089 - Problem, file not found on Server
2024-09-24 15:25:18,087 [INFO] ServerAccessManage:473 - Download File wolfSSL.I-CUBE-wolfTPM.pdsc
2024-09-24 15:25:22,466 [INFO] ServerAccessManage:473 - Download File wolfSSL.I-CUBE-wolfSSH.pdsc
2024-09-24 15:25:25,826 [INFO] ServerAccessManage:473 - Download File RealThread.X-CUBE-RT-Thread_Nano.pdsc
2024-09-24 15:25:26,625 [INFO] ServerAccessManage:473 - Download File SEGGER.I-CUBE-embOS.pdsc
2024-09-24 15:25:29,294 [INFO] ServerAccessManage:473 - Download File portGmbH.I-Cube-SoM-uGOAL.pdsc
2024-09-24 15:25:31,939 [ERROR] ServerAccessManage:1089 - Problem, file not found on Server
2024-09-24 15:25:32,204 [ERROR] ServerAccessManage:1089 - Problem, file not found on Server
2024-09-24 15:25:32,466 [ERROR] ServerAccessManage:1089 - Problem, file not found on Server
2024-09-24 15:25:33,728 [INFO] ServerAccessManage:473 - Download File emotas.I-CUBE-CANOPEN.pdsc
2024-09-24 15:25:35,272 [ERROR] ServerAccessManage:1131 - HTTP unexpected response (418) for https://www.weston-embedded.com/stm_packages/WES.I-CUBE-Cesium.pdsc
2024-09-24 15:25:35,272 [ERROR] ServerAccessManage:651 - Error during Access to HTTP Server. : WES.I-CUBE-Cesium.pdsc.
2024-09-24 15:25:38,353 [INFO] ServerAccessManage:473 - Download File ITTIA_DB.I-CUBE-ITTIADB.pdsc
2024-09-24 15:26:03,339 [ERROR] ServerAccessManage:1172 - Problem during Server Connection :  IO error Connection timed out: getsockopt
2024-09-24 15:26:03,340 [ERROR] ServerAccessManage:651 - Problem during Server Connection :  : Infineon.AIROC-Wi-Fi-Bluetooth-STM32.pdsc.
2024-09-24 15:26:06,701 [INFO] ServerAccessManage:473 - Download File Cesanta.I-CUBE-Mongoose.pdsc
2024-09-24 15:26:38,140 [INFO] ServerAccessManage:473 - Download File EmbeddedOffice.I-CUBE-FS-RTOS.pdsc
2024-09-24 15:26:38,610 [WARN] CheckServerUpdateThread:151 - Open CheckUpdateFile Fail
2024-09-24 15:26:38,619 [WARN] PackLoader:240 - Cannot read IP mode file for STMicroelectronics.FP-ATR-ASTRA1.2.0.0
2024-09-24 15:26:38,628 [WARN] PackLoader:240 - Cannot read IP mode file for STMicroelectronics.FP-ATR-SIGFOX1.3.2.0
2024-09-24 15:26:38,635 [WARN] PackLoader:240 - Cannot read IP mode file for STMicroelectronics.FP-SNS-STBOX1.2.0.0
2024-09-24 15:26:38,645 [WARN] PackLoader:240 - Cannot read IP mode file for STMicroelectronics.FP-SNS-FLIGHT1.5.0.2
2024-09-24 15:26:38,651 [WARN] PackLoader:240 - Cannot read IP mode file for STMicroelectronics.FP-SNS-MOTENV1.5.0.0
2024-09-24 15:26:38,658 [WARN] PackLoader:240 - Cannot read IP mode file for STMicroelectronics.FP-SNS-MOTENVWB1.1.4.0
2024-09-24 15:26:38,663 [WARN] PackLoader:240 - Cannot read IP mode file for STMicroelectronics.FP-SNS-SMARTAG2.1.2.0
2024-09-24 15:26:38,668 [WARN] PackLoader:240 - Cannot read IP mode file for STMicroelectronics.X-CUBE-AI.9.0.0
2024-09-24 15:26:38,673 [WARN] PackLoader:240 - Cannot read IP mode file for STMicroelectronics.X-CUBE-ALS.1.0.2
2024-09-24 15:26:38,682 [WARN] PackLoader:240 - Cannot read IP mode file for STMicroelectronics.X-CUBE-BLE1.7.0.0
2024-09-24 15:26:38,688 [WARN] PackLoader:240 - Cannot read IP mode file for STMicroelectronics.X-CUBE-BLE2.3.3.0
2024-09-24 15:26:38,698 [WARN] PackLoader:240 - Cannot read IP mode file for STMicroelectronics.X-CUBE-BLEMGR.3.1.0
2024-09-24 15:26:38,710 [WARN] PackLoader:240 - Cannot read IP mode file for STMicroelectronics.X-CUBE-DISPLAY.3.0.0
2024-09-24 15:26:38,720 [WARN] PackLoader:240 - Cannot read IP mode file for STMicroelectronics.X-CUBE-DPower.1.2.0
2024-09-24 15:26:38,726 [WARN] PackLoader:240 - Cannot read IP mode file for STMicroelectronics.X-CUBE-EEPRMA1.5.1.0
2024-09-24 15:26:38,732 [WARN] PackLoader:240 - Cannot read IP mode file for STMicroelectronics.X-CUBE-FREERTOS.1.2.0
2024-09-24 15:26:38,736 [WARN] PackLoader:240 - Cannot read IP mode file for STMicroelectronics.X-CUBE-GNSS1.7.0.0
2024-09-24 15:26:38,741 [WARN] PackLoader:240 - Cannot read IP mode file for STMicroelectronics.X-CUBE-ISPU.2.1.0
2024-09-24 15:26:38,745 [INFO] CheckServerUpdateThread:120 - End of CheckServer Thread
2024-09-24 15:26:38,777 [WARN] PackLoader:240 - Cannot read IP mode file for STMicroelectronics.X-CUBE-MEMS1.11.0.0
2024-09-24 15:26:38,860 [WARN] PackLoader:240 - Cannot read IP mode file for STMicroelectronics.X-CUBE-NFC4.3.0.0
2024-09-24 15:26:38,868 [WARN] PackLoader:240 - Cannot read IP mode file for STMicroelectronics.X-CUBE-NFC6.3.1.0
2024-09-24 15:26:38,874 [WARN] PackLoader:240 - Cannot read IP mode file for STMicroelectronics.X-CUBE-NFC7.1.0.1
2024-09-24 15:26:38,880 [WARN] PackLoader:240 - Cannot read IP mode file for STMicroelectronics.X-CUBE-SFXS2LP1.4.0.0
2024-09-24 15:26:38,886 [WARN] PackLoader:240 - Cannot read IP mode file for STMicroelectronics.X-CUBE-SAFEA1.1.2.2
2024-09-24 15:26:38,903 [WARN] PackLoader:240 - Cannot read IP mode file for STMicroelectronics.X-CUBE-SUBG2.5.0.0
2024-09-24 15:26:38,910 [WARN] PackLoader:240 - Cannot read IP mode file for STMicroelectronics.X-CUBE-SMBUS.2.1.0
2024-09-24 15:26:38,915 [WARN] PackLoader:240 - Cannot read IP mode file for STMicroelectronics.X-CUBE-TCPP.4.1.0
2024-09-24 15:26:38,924 [WARN] PackLoader:240 - Cannot read IP mode file for STMicroelectronics.X-CUBE-TOF1.3.4.2
2024-09-24 15:26:38,934 [WARN] PackLoader:240 - Cannot read IP mode file for STMicroelectronics.X-CUBE-TOUCHGFX.4.24.1
2024-09-24 15:26:38,940 [WARN] PackLoader:240 - Cannot read IP mode file for STMicroelectronics.X-CUBE-ALGOBUILD.1.4.0
2024-09-24 15:26:38,953 [WARN] PackLoader:240 - Cannot read IP mode file for STMicroelectronics.X-CUBE-AZRTOS-H7.3.3.0
2024-09-24 15:26:38,973 [WARN] PackLoader:240 - Cannot read IP mode file for STMicroelectronics.X-CUBE-AZRTOS-H7RS.1.0.0
2024-09-24 15:26:38,986 [WARN] PackLoader:240 - Cannot read IP mode file for STMicroelectronics.X-CUBE-AZRTOS-F4.1.1.0
2024-09-24 15:26:38,999 [WARN] PackLoader:240 - Cannot read IP mode file for STMicroelectronics.X-CUBE-AZRTOS-F7.1.1.0
2024-09-24 15:26:39,012 [WARN] ConditionMgr:438 - getConditionDescription Invalid condition id : LAN8742 Phy interface Condition cause : null
2024-09-24 15:26:39,013 [WARN] PackLoader:240 - Cannot read IP mode file for STMicroelectronics.X-CUBE-AZRTOS-L4.2.0.0
2024-09-24 15:26:39,014 [WARN] ConditionMgr:1039 - genDependencies : Invalid condition id : LAN8742 Phy interface Condition cause : null
2024-09-24 15:26:39,014 [WARN] ConditionMgr:1039 - genDependencies : Invalid condition id : LAN8742 Phy interface Condition cause : null
2024-09-24 15:26:39,015 [WARN] ConditionMgr:1039 - genDependencies : Invalid condition id : LAN8742 Phy interface Condition cause : null
2024-09-24 15:26:39,026 [WARN] PackLoader:240 - Cannot read IP mode file for STMicroelectronics.X-CUBE-AZRTOS-L5.2.0.0
2024-09-24 15:26:39,038 [WARN] PackLoader:240 - Cannot read IP mode file for STMicroelectronics.X-CUBE-AZRTOS-G0.1.1.0
2024-09-24 15:26:39,049 [WARN] PackLoader:240 - Cannot read IP mode file for STMicroelectronics.X-CUBE-AZRTOS-G4.2.0.0
2024-09-24 15:26:39,062 [WARN] ConditionMgr:438 - getConditionDescription Invalid condition id : UX DEVICE CLASS RTOS Condition cause : null
2024-09-24 15:26:39,063 [WARN] ConditionMgr:438 - getConditionDescription Invalid condition id : UX DEVICE CLASS RTOS Condition cause : null
2024-09-24 15:26:39,064 [WARN] PackLoader:240 - Cannot read IP mode file for STMicroelectronics.X-CUBE-AZRTOS-WB.2.0.0
2024-09-24 15:26:39,064 [WARN] ConditionMgr:1039 - genDependencies : Invalid condition id : UX DEVICE CLASS RTOS Condition cause : null
2024-09-24 15:26:39,065 [WARN] ConditionMgr:1039 - genDependencies : Invalid condition id : UX DEVICE CLASS RTOS Condition cause : null
2024-09-24 15:26:39,065 [WARN] ConditionMgr:1039 - genDependencies : Invalid condition id : UX DEVICE CLASS RTOS Condition cause : null
2024-09-24 15:26:39,065 [WARN] ConditionMgr:1039 - genDependencies : Invalid condition id : UX DEVICE CLASS RTOS Condition cause : null
2024-09-24 15:26:39,065 [WARN] ConditionMgr:1039 - genDependencies : Invalid condition id : UX DEVICE CLASS RTOS Condition cause : null
2024-09-24 15:26:39,074 [INFO] LogOutputStream:77 - [STDOUT_REDIRECT] 1 : Invalid condition id : UX_CORESTACK_Condition cause : null
2024-09-24 15:26:39,075 [INFO] LogOutputStream:77 - [STDOUT_REDIRECT] 1 : Invalid condition id : UX_CORESTACK_Condition cause : null
2024-09-24 15:26:39,076 [INFO] LogOutputStream:77 - [STDOUT_REDIRECT] 1 : Invalid condition id : UX_CORESTACK_Condition cause : null
2024-09-24 15:26:39,077 [INFO] LogOutputStream:77 - [STDOUT_REDIRECT] 1 : Invalid condition id : UX_CORESTACK_Condition cause : null
2024-09-24 15:26:39,078 [INFO] LogOutputStream:77 - [STDOUT_REDIRECT] 1 : Invalid condition id : UX_CORESTACK_Condition cause : null
2024-09-24 15:26:39,080 [WARN] PackLoader:240 - Cannot read IP mode file for STMicroelectronics.X-CUBE-AZRTOS-WL.2.0.0
2024-09-24 15:26:39,084 [WARN] PackLoader:240 - Cannot read IP mode file for wolfSSL.I-CUBE-wolfSSL.5.7.2
2024-09-24 15:26:39,088 [WARN] PackLoader:240 - Cannot read IP mode file for wolfSSL.I-CUBE-wolfMQTT.1.19.0
2024-09-24 15:26:39,094 [WARN] PackLoader:240 - Cannot read IP mode file for wolfSSL.I-CUBE-wolfTPM.3.4.0
2024-09-24 15:26:39,098 [WARN] PackLoader:240 - Cannot read IP mode file for wolfSSL.I-CUBE-wolfSSH.1.4.17
2024-09-24 15:26:39,102 [WARN] PackLoader:240 - Cannot read IP mode file for RealThread.X-CUBE-RT-Thread_Nano.4.1.1
2024-09-24 15:26:39,126 [WARN] PackLoader:240 - Cannot read IP mode file for SEGGER.I-CUBE-embOS.1.3.1
2024-09-24 15:26:39,158 [WARN] PackLoader:240 - Cannot read IP mode file for portGmbH.I-Cube-SoM-uGOAL.1.1.0
2024-09-24 15:26:39,168 [WARN] PackLoader:240 - Cannot read IP mode file for emotas.I-CUBE-CANOPEN.1.3.0
2024-09-24 15:26:39,174 [WARN] PackLoader:240 - Cannot read IP mode file for ITTIA_DB.I-CUBE-ITTIADB.8.9.0
2024-09-24 15:26:39,182 [WARN] PackLoader:240 - Cannot read IP mode file for Cesanta.I-CUBE-Mongoose.7.13.0
2024-09-24 15:26:39,190 [WARN] PackLoader:240 - Cannot read IP mode file for EmbeddedOffice.I-CUBE-FS-RTOS.1.0.1
2024-09-24 15:26:39,191 [ERROR] ConditionMgr:805 - Attr not supported : Dmpu
2024-09-24 15:26:39,191 [ERROR] ConditionMgr:805 - Attr not supported : Dmpu
2024-09-24 15:26:39,191 [ERROR] ConditionMgr:805 - Attr not supported : Dmpu
2024-09-24 15:26:39,191 [ERROR] ConditionMgr:805 - Attr not supported : Dmpu
2024-09-24 15:26:39,191 [ERROR] ConditionMgr:805 - Attr not supported : Dmpu
2024-09-24 15:26:39,191 [ERROR] ConditionMgr:805 - Attr not supported : Dmpu
2024-09-24 15:26:39,191 [ERROR] ConditionMgr:805 - Attr not supported : Dmpu
2024-09-24 15:26:39,191 [ERROR] ConditionMgr:805 - Attr not supported : Dmpu
2024-09-24 15:26:39,191 [ERROR] ConditionMgr:805 - Attr not supported : Dmpu
2024-09-24 15:26:39,191 [ERROR] ConditionMgr:805 - Attr not supported : Dmpu
2024-09-24 15:26:39,191 [ERROR] ConditionMgr:805 - Attr not supported : Dmpu
2024-09-24 15:26:39,191 [ERROR] ConditionMgr:805 - Attr not supported : Dmpu
2024-09-24 15:26:39,191 [ERROR] ConditionMgr:805 - Attr not supported : Dmpu
2024-09-24 15:26:39,191 [ERROR] ConditionMgr:805 - Attr not supported : Dmpu
2024-09-24 15:26:39,191 [ERROR] ConditionMgr:805 - Attr not supported : Dmpu
2024-09-24 15:26:39,191 [ERROR] ConditionMgr:805 - Attr not supported : Dmpu
2024-09-24 15:26:39,191 [ERROR] ConditionMgr:805 - Attr not supported : Dmpu
2024-09-24 15:26:39,191 [ERROR] ConditionMgr:805 - Attr not supported : Dmpu
2024-09-24 15:26:39,191 [ERROR] ConditionMgr:805 - Attr not supported : Dmpu
2024-09-24 15:26:39,191 [ERROR] ConditionMgr:805 - Attr not supported : Dmpu
2024-09-24 15:26:39,191 [ERROR] ConditionMgr:805 - Attr not supported : Dmpu
2024-09-24 15:26:39,191 [ERROR] ConditionMgr:805 - Attr not supported : Dmpu
2024-09-24 15:26:39,191 [ERROR] ConditionMgr:805 - Attr not supported : Dmpu
2024-09-24 15:26:39,191 [ERROR] ConditionMgr:805 - Attr not supported : Dmpu
2024-09-24 15:26:39,191 [ERROR] ConditionMgr:805 - Attr not supported : Dmpu
2024-09-24 15:26:39,193 [ERROR] ConditionMgr:805 - Attr not supported : Dmpu
2024-09-24 15:26:39,193 [ERROR] ConditionMgr:805 - Attr not supported : Dmpu
2024-09-24 15:26:39,193 [ERROR] ConditionMgr:805 - Attr not supported : Dmpu
2024-09-24 15:26:39,193 [ERROR] ConditionMgr:805 - Attr not supported : Dmpu
2024-09-24 15:26:39,193 [ERROR] ConditionMgr:805 - Attr not supported : Dmpu
2024-09-24 15:26:39,193 [ERROR] ConditionMgr:805 - Attr not supported : Dmpu
2024-09-24 15:26:39,193 [ERROR] ConditionMgr:805 - Attr not supported : Dmpu
2024-09-24 15:26:39,193 [ERROR] ConditionMgr:805 - Attr not supported : Dmpu
2024-09-24 15:26:39,193 [ERROR] ConditionMgr:805 - Attr not supported : Dmpu
2024-09-24 15:26:39,193 [ERROR] ConditionMgr:805 - Attr not supported : Dmpu
2024-09-24 15:26:39,193 [ERROR] ConditionMgr:805 - Attr not supported : Dmpu
2024-09-24 15:26:39,193 [ERROR] ConditionMgr:805 - Attr not supported : Dmpu
2024-09-24 15:26:39,193 [ERROR] ConditionMgr:805 - Attr not supported : Dmpu
2024-09-24 15:26:39,193 [ERROR] ConditionMgr:805 - Attr not supported : Dmpu
2024-09-24 15:26:39,193 [ERROR] ConditionMgr:805 - Attr not supported : Dmpu
2024-09-24 15:26:39,193 [ERROR] ConditionMgr:805 - Attr not supported : Dmpu
2024-09-24 15:26:39,193 [ERROR] ConditionMgr:805 - Attr not supported : Dmpu
2024-09-24 15:26:39,193 [ERROR] ConditionMgr:805 - Attr not supported : Dmpu
2024-09-24 15:26:39,193 [ERROR] ConditionMgr:805 - Attr not supported : Dmpu
2024-09-24 15:26:39,193 [ERROR] ConditionMgr:805 - Attr not supported : Dmpu
2024-09-24 15:26:39,194 [ERROR] ConditionMgr:805 - Attr not supported : Dmpu
2024-09-24 15:26:39,194 [ERROR] ConditionMgr:805 - Attr not supported : Dmpu
2024-09-24 15:26:39,194 [ERROR] ConditionMgr:805 - Attr not supported : Dmpu
2024-09-24 15:26:39,194 [ERROR] ConditionMgr:805 - Attr not supported : Dmpu
2024-09-24 15:26:39,194 [ERROR] ConditionMgr:805 - Attr not supported : Dmpu
2024-09-24 15:26:39,194 [ERROR] ConditionMgr:805 - Attr not supported : Dmpu
2024-09-24 15:26:39,194 [ERROR] ConditionMgr:805 - Attr not supported : Dmpu
2024-09-24 15:26:39,194 [ERROR] ConditionMgr:805 - Attr not supported : Dmpu
2024-09-24 15:26:39,194 [ERROR] ConditionMgr:805 - Attr not supported : Dmpu
2024-09-24 15:26:39,194 [ERROR] ConditionMgr:805 - Attr not supported : Dmpu
2024-09-24 15:26:39,194 [ERROR] ConditionMgr:805 - Attr not supported : Dmpu
2024-09-24 15:26:39,194 [ERROR] ConditionMgr:805 - Attr not supported : Dmpu
2024-09-24 15:26:39,194 [ERROR] ConditionMgr:805 - Attr not supported : Dmpu
2024-09-24 15:26:39,194 [ERROR] ConditionMgr:805 - Attr not supported : Dmpu
2024-09-24 15:26:39,194 [ERROR] ConditionMgr:805 - Attr not supported : Dmpu
2024-09-24 15:26:39,194 [ERROR] ConditionMgr:805 - Attr not supported : Dmpu
2024-09-24 15:26:39,194 [ERROR] ConditionMgr:805 - Attr not supported : Dmpu
2024-09-24 15:26:39,194 [ERROR] ConditionMgr:805 - Attr not supported : Dmpu
2024-09-24 15:26:39,194 [ERROR] ConditionMgr:805 - Attr not supported : Dmpu
2024-09-24 15:26:39,195 [INFO] PopulateThirdPartyThread:66 - Ending populate Thread
2024-09-24 15:26:39,198 [INFO] ThirdParty:1030 - CMSIS Pack Vendor :STMicroelectronics X-CUBE-AZRTOS-H7 3.3.0
2024-09-24 15:26:39,198 [INFO] ThirdParty:1030 - CMSIS Pack Vendor :STMicroelectronics FP-SNS-MOTENVWB1 1.4.0
2024-09-24 15:26:39,198 [INFO] ThirdParty:1030 - CMSIS Pack Vendor :STMicroelectronics X-CUBE-AZRTOS-F4 1.1.0
2024-09-24 15:26:39,198 [INFO] ThirdParty:1030 - CMSIS Pack Vendor :STMicroelectronics X-CUBE-SMBUS 2.1.0
2024-09-24 15:26:39,198 [INFO] ThirdParty:1030 - CMSIS Pack Vendor :STMicroelectronics X-CUBE-ISPU 2.1.0
2024-09-24 15:26:39,198 [INFO] ThirdParty:1030 - CMSIS Pack Vendor :STMicroelectronics X-CUBE-TCPP 4.1.0
2024-09-24 15:26:39,198 [INFO] ThirdParty:1030 - CMSIS Pack Vendor :STMicroelectronics X-CUBE-FREERTOS 1.2.0
2024-09-24 15:26:39,198 [INFO] ThirdParty:1030 - CMSIS Pack Vendor :STMicroelectronics X-CUBE-AZRTOS-WB 2.0.0
2024-09-24 15:26:39,198 [INFO] ThirdParty:1030 - CMSIS Pack Vendor :STMicroelectronics X-CUBE-GNSS1 7.0.0
2024-09-24 15:26:39,198 [INFO] ThirdParty:1030 - CMSIS Pack Vendor :STMicroelectronics X-CUBE-AZRTOS-F7 1.1.0
2024-09-24 15:26:39,198 [INFO] ThirdParty:1030 - CMSIS Pack Vendor :STMicroelectronics X-CUBE-AZRTOS-L5 2.0.0
2024-09-24 15:26:39,198 [INFO] ThirdParty:1030 - CMSIS Pack Vendor :STMicroelectronics X-CUBE-NFC6 3.1.0
2024-09-24 15:26:39,198 [INFO] ThirdParty:1030 - CMSIS Pack Vendor :STMicroelectronics FP-SNS-STBOX1 2.0.0
2024-09-24 15:26:39,198 [INFO] ThirdParty:1030 - CMSIS Pack Vendor :STMicroelectronics X-CUBE-MEMS1 11.0.0
2024-09-24 15:26:39,198 [INFO] ThirdParty:1030 - CMSIS Pack Vendor :STMicroelectronics X-CUBE-AZRTOS-G0 1.1.0
2024-09-24 15:26:39,198 [INFO] ThirdParty:1030 - CMSIS Pack Vendor :STMicroelectronics X-CUBE-DPower 1.2.0
2024-09-24 15:26:39,198 [INFO] ThirdParty:1030 - CMSIS Pack Vendor :STMicroelectronics X-CUBE-NFC4 3.0.0
2024-09-24 15:26:39,198 [INFO] ThirdParty:1030 - CMSIS Pack Vendor :STMicroelectronics X-CUBE-SAFEA1 1.2.2
2024-09-24 15:26:39,199 [INFO] ThirdParty:1030 - CMSIS Pack Vendor :STMicroelectronics X-CUBE-SUBG2 5.0.0
2024-09-24 15:26:39,199 [INFO] ThirdParty:1030 - CMSIS Pack Vendor :EmbeddedOffice I-CUBE-FS-RTOS 1.0.1
2024-09-24 15:26:39,199 [INFO] ThirdParty:1030 - CMSIS Pack Vendor :STMicroelectronics FP-SNS-FLIGHT1 5.0.2
2024-09-24 15:26:39,199 [INFO] ThirdParty:1030 - CMSIS Pack Vendor :Cesanta I-CUBE-Mongoose 7.13.0
2024-09-24 15:26:39,199 [INFO] ThirdParty:1030 - CMSIS Pack Vendor :STMicroelectronics X-CUBE-AI 9.0.0
2024-09-24 15:26:39,199 [INFO] ThirdParty:1030 - CMSIS Pack Vendor :STMicroelectronics X-CUBE-AZRTOS-G4 2.0.0
2024-09-24 15:26:39,199 [INFO] ThirdParty:1030 - CMSIS Pack Vendor :STMicroelectronics X-CUBE-DISPLAY 3.0.0
2024-09-24 15:26:39,199 [INFO] ThirdParty:1030 - CMSIS Pack Vendor :RealThread X-CUBE-RT-Thread_Nano 4.1.1
2024-09-24 15:26:39,199 [INFO] ThirdParty:1030 - CMSIS Pack Vendor :STMicroelectronics FP-ATR-SIGFOX1 3.2.0
2024-09-24 15:26:39,199 [INFO] ThirdParty:1030 - CMSIS Pack Vendor :STMicroelectronics X-CUBE-BLE1 7.0.0
2024-09-24 15:26:39,199 [INFO] ThirdParty:1030 - CMSIS Pack Vendor :wolfSSL I-CUBE-wolfSSL 5.7.2
2024-09-24 15:26:39,199 [INFO] ThirdParty:1030 - CMSIS Pack Vendor :STMicroelectronics X-CUBE-EEPRMA1 5.1.0
2024-09-24 15:26:39,199 [INFO] ThirdParty:1030 - CMSIS Pack Vendor :STMicroelectronics X-CUBE-ALS 1.0.2
2024-09-24 15:26:39,199 [INFO] ThirdParty:1030 - CMSIS Pack Vendor :emotas I-CUBE-CANOPEN 1.3.0
2024-09-24 15:26:39,199 [INFO] ThirdParty:1030 - CMSIS Pack Vendor :STMicroelectronics X-CUBE-NFC7 1.0.1
2024-09-24 15:26:39,199 [INFO] ThirdParty:1030 - CMSIS Pack Vendor :ITTIA_DB I-CUBE-ITTIADB 8.9.0
2024-09-24 15:26:39,199 [INFO] ThirdParty:1030 - CMSIS Pack Vendor :STMicroelectronics X-CUBE-TOUCHGFX 4.24.1
2024-09-24 15:26:39,199 [INFO] ThirdParty:1030 - CMSIS Pack Vendor :wolfSSL I-CUBE-wolfTPM 3.4.0
2024-09-24 15:26:39,199 [INFO] ThirdParty:1030 - CMSIS Pack Vendor :portGmbH I-Cube-SoM-uGOAL 1.1.0
2024-09-24 15:26:39,199 [INFO] ThirdParty:1030 - CMSIS Pack Vendor :STMicroelectronics X-CUBE-BLEMGR 3.1.0
2024-09-24 15:26:39,199 [INFO] ThirdParty:1030 - CMSIS Pack Vendor :STMicroelectronics FP-SNS-SMARTAG2 1.2.0
2024-09-24 15:26:39,199 [INFO] ThirdParty:1030 - CMSIS Pack Vendor :STMicroelectronics X-CUBE-AZRTOS-WL 2.0.0
2024-09-24 15:26:39,199 [INFO] ThirdParty:1030 - CMSIS Pack Vendor :SEGGER I-CUBE-embOS 1.3.1
2024-09-24 15:26:39,199 [INFO] ThirdParty:1030 - CMSIS Pack Vendor :STMicroelectronics X-CUBE-ALGOBUILD 1.4.0
2024-09-24 15:26:39,199 [INFO] ThirdParty:1030 - CMSIS Pack Vendor :STMicroelectronics FP-SNS-MOTENV1 5.0.0
2024-09-24 15:26:39,199 [INFO] ThirdParty:1030 - CMSIS Pack Vendor :STMicroelectronics X-CUBE-AZRTOS-H7RS 1.0.0
2024-09-24 15:26:39,199 [INFO] ThirdParty:1030 - CMSIS Pack Vendor :wolfSSL I-CUBE-wolfMQTT 1.19.0
2024-09-24 15:26:39,199 [INFO] ThirdParty:1030 - CMSIS Pack Vendor :STMicroelectronics X-CUBE-AZRTOS-L4 2.0.0
2024-09-24 15:26:39,199 [INFO] ThirdParty:1030 - CMSIS Pack Vendor :STMicroelectronics FP-ATR-ASTRA1 2.0.0
2024-09-24 15:26:39,200 [INFO] ThirdParty:1030 - CMSIS Pack Vendor :STMicroelectronics X-CUBE-SFXS2LP1 4.0.0
2024-09-24 15:26:39,200 [INFO] ThirdParty:1030 - CMSIS Pack Vendor :STMicroelectronics X-CUBE-BLE2 3.3.0
2024-09-24 15:26:39,200 [INFO] ThirdParty:1030 - CMSIS Pack Vendor :STMicroelectronics X-CUBE-TOF1 3.4.2
2024-09-24 15:26:39,200 [INFO] ThirdParty:1030 - CMSIS Pack Vendor :wolfSSL I-CUBE-wolfSSH 1.4.17
2024-09-24 15:26:39,200 [INFO] LoadServerUpdatesThread:375 - End of LoadServerUpdate Thread
2024-09-24 15:28:33,221 [INFO] McuFinderGlobals:63 - Set McuFinder mode to 2 (CubeIDE integrated)
2024-09-24 15:28:33,223 [INFO] MainUpdater:2873 - connection check result : 10
2024-09-24 15:28:33,226 [INFO] McuFinderGlobals:76 - Set McuFinderConnectedMode to true
2024-09-24 15:28:33,478 [INFO] ServerAccessManage:473 - Download File mcusAds.json._tmp_
2024-09-24 15:28:33,588 [INFO] LoadUrlFilesThread:156 - End of LoadUrlFiles Thread
2024-09-24 15:28:33,865 [INFO] ServerAccessManage:473 - Download File cube-finder-db.zip
2024-09-24 15:28:34,534 [INFO] FileExtend:240 - Unzip File : cube-finder-db.zip
2024-09-24 15:28:34,534 [INFO] FileExtend:255 - Standard Zip Deflate
2024-09-24 15:28:35,212 [INFO] LoadUrlFilesThread:156 - End of LoadUrlFiles Thread
2024-09-24 15:28:36,732 [INFO] ServerAccessManage:473 - Download File crdb.zip
2024-09-24 15:28:42,086 [INFO] FileExtend:240 - Unzip File : crdb.zip
2024-09-24 15:28:42,087 [INFO] FileExtend:255 - Standard Zip Deflate
2024-09-24 15:28:42,206 [INFO] LoadUrlFilesThread:156 - End of LoadUrlFiles Thread
2024-09-24 15:28:42,292 [INFO] ServerAccessManage:473 - Download File tutoVideoDB.zip
2024-09-24 15:28:42,342 [INFO] FileExtend:240 - Unzip File : tutoVideoDB.zip
2024-09-24 15:28:42,342 [INFO] FileExtend:255 - Standard Zip Deflate
2024-09-24 15:28:42,451 [INFO] LoadUrlFilesThread:156 - End of LoadUrlFiles Thread
2024-09-24 15:28:42,454 [WARN] DbFile:41 - Overriding database path with different value: C:\Users\DerekDuan\.stmcufinder\plugins\mcufinder/ => C:\Users\DerekDuan\.stmcufinder\plugins\mcufinder
2024-09-24 15:28:42,485 [INFO] ServerAccessManage:473 - Download File api_config.json
2024-09-24 15:28:42,594 [INFO] LoadUrlFilesThread:156 - End of LoadUrlFiles Thread
2024-09-24 15:28:42,596 [INFO] DbMcusAds:53 - JSON generation date=Fri Sep 20 21:04:23 CST 2024 (1726837463113)
2024-09-24 15:28:42,726 [INFO] ServerAccessManage:473 - Download File 
2024-09-24 15:28:42,769 [INFO] LoadUrlFilesThread:185 - End of LoadServerUrlFiles without Thread
2024-09-24 15:28:42,769 [INFO] TargetSelectorAdapter:259 - Refresh data is successful
2024-09-24 15:28:42,838 [INFO] ApiDb:581 - Connected to CubeFinder SQLite database (C:\Users\DerekDuan\.stmcufinder\plugins\mcufinder\mcu\cube-finder-db.db)
2024-09-24 15:28:42,880 [INFO] ApiDb:668 - CubeFinder database Data Model version=2.1
2024-09-24 15:28:42,880 [INFO] ApiDb:669 - CubeFinder database Configuration version=3.0.39
2024-09-24 15:28:42,881 [INFO] ApiDb:670 - CubeFinder database generation date=2024-09-16 (1726485674)
2024-09-24 15:28:42,881 [INFO] ApiDb:671 - CubeFinder database FW Pack versions=[FP-ATR-ASTRA1_V2.0.0, FP-SNS-FLIGHT1_V5.0.2, FP-SNS-MOTENV1_V5.0.0, FP-SNS-MOTENVWB1_V1.4.0, FP-SNS-SMARTAG2_V1.2.0, FP-SNS-STBOX1_V2.0.0, STM32Cube_FW_C0_V1.2.0, STM32Cube_FW_F4_V1.28.1, STM32Cube_FW_F7_V1.17.2, STM32Cube_FW_G0_V1.6.2, STM32Cube_FW_G4_V1.6.0, STM32Cube_FW_H5_V1.3.0, STM32Cube_FW_H7RS_V1.1.0, STM32Cube_FW_H7_V1.11.2, STM32Cube_FW_L0_V1.12.2, STM32Cube_FW_L5_V1.5.1, STM32Cube_FW_U0_V1.1.0, STM32Cube_FW_U5_V1.6.0, STM32Cube_FW_WB0_V1.0.0, STM32Cube_FW_WBA_V1.4.1, STM32Cube_FW_WB_V1.20.0, STM32Cube_FW_WL_V1.3.0, X-CUBE-ALGOBUILD_V1.4.0, X-CUBE-ALS_V1.0.2, X-CUBE-AZRTOS-F4_V1.1.0, X-CUBE-AZRTOS-F7_V1.1.0, X-CUBE-AZRTOS-G0_V1.1.0, X-CUBE-AZRTOS-G4_V2.0.0, X-CUBE-AZRTOS-H7RS_V1.0.0, X-CUBE-AZRTOS-H7_V3.2.0, X-CUBE-AZRTOS-L4_V2.0.0, X-CUBE-AZRTOS-L5_V2.0.0, X-CUBE-AZRTOS-WB_V2.0.0, X-CUBE-AZRTOS-WL_V2.0.0, X-CUBE-BLE1_V7.0.0, X-CUBE-BLE2_V3.3.0, X-CUBE-BLEMGR_V3.1.0, X-CUBE-EEPRMA1_V5.1.0, X-CUBE-FREERTOS_V1.2.0, X-CUBE-GNSS1_V6.0.0, X-CUBE-MEMS1_V11.0.0, X-CUBE-NFC4_V3.0.0, X-CUBE-NFC7_V1.0.1, X-CUBE-SFXS2LP1_V4.0.0, X-CUBE-SUBG2_V5.0.0, X-CUBE-TOF1_V3.4.2]
2024-09-24 15:28:44,126 [INFO] ApiDb:240 - Found 646 in-development CPN: [B-G473E-ZEST1S, B-WB1M-WPAN1, B-WL5M-SUBG1, NUCLEO-C031C6, NUCLEO-C071RB, NUCLEO-H503RB, NUCLEO-H533RE, NUCLEO-H563ZI, NUCLEO-H7S3L8, NUCLEO-U031R8, NUCLEO-U083RC, NUCLEO-U545RE-Q, NUCLEO-U5A5ZJ-Q, NUCLEO-WB05KZ, NUCLEO-WB07CC, NUCLEO-WB09KE, NUCLEO-WBA52CG, NUCLEO-WBA55CG, STEVAL-PROTEUS1, STEVAL-SMARTAG2, STEVAL-STWINBX1, STM320518-EVAL, STM32C0116-DK, STM32C011D6Y3TR, STM32C011D6Y6TR, STM32C011F4P3, STM32C011F4P6, STM32C011F4U3, STM32C011F4U6TR, STM32C011F6P3, STM32C011F6P6, STM32C011F6U3, STM32C011F6U6TR, STM32C011J4M3, STM32C011J4M6, STM32C011J6M3, STM32C011J6M6, STM32C0316-DK, STM32C031C4T3, STM32C031C4T6, STM32C031C4U3, STM32C031C4U6, STM32C031C6T3, STM32C031C6T6, STM32C031C6U3, STM32C031C6U6, STM32C031F4P3, STM32C031F4P6, STM32C031F6P3, STM32C031F6P6, STM32C031G4U3, STM32C031G4U6, STM32C031G6U3, STM32C031G6U6, STM32C031K4T3, STM32C031K4T6, STM32C031K4U3, STM32C031K4U6, STM32C031K6T3, STM32C031K6T6, STM32C031K6U3, STM32C031K6U6, STM32C071C8T6, STM32C071C8T6N, STM32C071C8U6, STM32C071C8U6N, STM32C071CBT6, STM32C071CBT6N, STM32C071CBU6, STM32C071CBU6N, STM32C071F8P6, STM32C071F8P6N, STM32C071FBP6, STM32C071FBP6N, STM32C071FBY6TR, STM32C071G8U6, STM32C071G8U6N, STM32C071GBU6, STM32C071GBU6N, STM32C071K8T6, STM32C071K8T6N, STM32C071K8U6, STM32C071K8U6N, STM32C071KBT6, STM32C071KBT6N, STM32C071KBU6, STM32C071KBU6N, STM32C071R8T6, STM32C071R8T6N, STM32C071RBI6N, STM32C071RBT6, STM32C071RBT6N, STM32G071K8TXN, STM32G071K8UXN, STM32G081GBU6N, STM32G081KBT6N, STM32G081KBUXN, STM32G0B1CCT6N, STM32G0B1KCT6, STM32G0B1NEY6TR, STM32G0B1RCT6N, STM32G0C1CCT6, STM32G0C1CCT6N, STM32G0C1CCU6N, STM32G0C1CET6N, STM32G0C1CEU6N, STM32G0C1KCT6, STM32G0C1NEY6TR, STM32G0C1RCI6N, STM32G0C1RCT6N, STM32G0C1REI6N, STM32G0C1RET6N, STM32G0C1VCI6, STM32G0C1VEI6, STM32G411C6T3, STM32G411C6T6, STM32G411C6U3, STM32G411C6U6, STM32G411C8T3, STM32G411C8T6, STM32G411C8U3, STM32G411C8U6, STM32G411CBT3, STM32G411CBT6, STM32G411CBU3, STM32G411CBU6, STM32G411K6T3, STM32G411K6T6, STM32G411K6U3, STM32G411K6U6, STM32G411K8T3, STM32G411K8T6, STM32G411K8U3, STM32G411K8U6, STM32G411KBT3, STM32G411KBT6, STM32G411KBU3, STM32G411KBU6, STM32G411M6T3, STM32G411M6T6, STM32G411M8T3, STM32G411M8T6, STM32G411MBT3, STM32G411MBT6, STM32G411R6T3, STM32G411R6T6, STM32G411R8T3, STM32G411R8T6, STM32G411RBT3, STM32G411RBT6, STM32G414CBT3, STM32G414CBT6, STM32G414CBU3, STM32G414CBU6, STM32G414CCT3, STM32G414CCT6, STM32G414CCU3, STM32G414CCU6, STM32G414MBT3, STM32G414MBT6, STM32G414MCT3, STM32G414MCT6, STM32G414RBT3, STM32G414RBT6, STM32G414RCT3, STM32G414RCT6, STM32G414VBT3, STM32G414VBT6, STM32G414VCT3, STM32G414VCT6, STM32G431CBT3Z, STM32G431RBT3Z, STM32G471CCT6, STM32G471CCU6, STM32G471CET3, STM32G471CET6, STM32G471CEU3, STM32G471CEU6, STM32G471MCT6, STM32G471MET3, STM32G471MET6, STM32G471MEY6TR, STM32G471QCT6, STM32G471QET3, STM32G471RCT6, STM32G471RET3, STM32G471RET6, STM32G471VCH6, STM32G471VCI6, STM32G471VCT6, STM32G471VEH3, STM32G471VEH6, STM32G471VEI3, STM32G471VEI6, STM32G471VET3, STM32G471VET6, STM32G473QET3Z, STM32G473RET3Z, STM32G474CCT6, STM32G491RET3Z, STM32H503CBT6, STM32H503CBU6, STM32H503EBY6TR, STM32H503KBU6, STM32H503RBT6, STM32H523CCT6, STM32H523CCU6, STM32H523CET6, STM32H523CEU6, STM32H523HEY6TR, STM32H523RCT6, STM32H523RET6, STM32H523VCI6, STM32H523VCT6, STM32H523VEI6, STM32H523VET6, STM32H523ZCJ6, STM32H523ZCT6, STM32H523ZEJ6, STM32H523ZET6, STM32H533CET6, STM32H533CEU6, STM32H533HEY6TR, STM32H533RET6, STM32H533VEI6, STM32H533VET6, STM32H533ZEJ6, STM32H533ZET6, STM32H562AGI6, STM32H562AII6, STM32H562IGK6, STM32H562IGT6, STM32H562IIK6, STM32H562IIT6, STM32H562RGT6, STM32H562RGV6, STM32H562RIT6, STM32H562RIV6, STM32H562VGT6, STM32H562VIT6, STM32H562ZGT6, STM32H562ZIT6, STM32H563AGI6, STM32H563AII3Q, STM32H563AII6, STM32H563IGK6, STM32H563IGT6, STM32H563IIK3Q, STM32H563IIK6, STM32H563IIT3Q, STM32H563IIT6, STM32H563MIY3QTR, STM32H563RGT6, STM32H563RGV6, STM32H563RIT6, STM32H563RIV6, STM32H563VGT6, STM32H563VIT3Q, STM32H563VIT6, STM32H563ZGT6, STM32H563ZIT3Q, STM32H563ZIT6, STM32H573AII3Q, STM32H573AII6, STM32H573I-DK, STM32H573IIK3Q, STM32H573IIK6, STM32H573IIT3Q, STM32H573IIT6, STM32H573MIY3QTR, STM32H573RIT6, STM32H573RIV6, STM32H573VIT3Q, STM32H573VIT6, STM32H573ZIT3Q, STM32H573ZIT6, STM32H7R3A8I6, STM32H7R3I8K6, STM32H7R3I8T6, STM32H7R3L8H6, STM32H7R3L8H6H, STM32H7R3R8V6, STM32H7R3V8H6, STM32H7R3V8T6, STM32H7R3V8Y6TR, STM32H7R3Z8J6, STM32H7R3Z8T6, STM32H7R7A8I6, STM32H7R7I8K6, STM32H7R7I8T6, STM32H7R7L8H6, STM32H7R7L8H6H, STM32H7R7Z8J6, STM32H7S3A8I6, STM32H7S3I8K6, STM32H7S3I8T6, STM32H7S3L8H6, STM32H7S3L8H6H, STM32H7S3R8V6, STM32H7S3V8H6, STM32H7S3V8T6, STM32H7S3V8Y6TR, STM32H7S3Z8J6, STM32H7S3Z8T6, STM32H7S78-DK, STM32H7S7A8I6, STM32H7S7I8K6, STM32H7S7I8T6, STM32H7S7L8H6, STM32H7S7L8H6H, STM32H7S7Z8J6, STM32L4R5QGI6STR, STM32MP131AAE3, STM32MP131AAF3, STM32MP131AAG3, STM32MP131CAE3, STM32MP131CAF3, STM32MP131CAG3, STM32MP131DAE7, STM32MP131DAF7, STM32MP131DAG7, STM32MP131FAE7, STM32MP131FAF7, STM32MP131FAG7, STM32MP133AAE3, STM32MP133AAF3, STM32MP133AAG3, STM32MP133CAE3, STM32MP133CAF3, STM32MP133CAG3, STM32MP133DAE7, STM32MP133DAF7, STM32MP133DAG7, STM32MP133FAE7, STM32MP133FAF7, STM32MP133FAG7, STM32MP135AAE3, STM32MP135AAF3, STM32MP135AAG3, STM32MP135CAE3, STM32MP135CAF3, STM32MP135CAG3, STM32MP135DAE7, STM32MP135DAF7, STM32MP135DAG7, STM32MP135F-DK, STM32MP135FAE7, STM32MP135FAF7, STM32MP135FAF7T, STM32MP135FAF7U, STM32MP135FAG7, STM32MP251AAI3, STM32MP251AAK3, STM32MP251AAL3, STM32MP251CAI3, STM32MP251CAK3, STM32MP251CAL3, STM32MP251DAI3, STM32MP251DAK3, STM32MP251DAL3, STM32MP251FAI3, STM32MP251FAK3, STM32MP251FAL3, STM32MP253AAI3, STM32MP253AAK3, STM32MP253AAL3, STM32MP253CAI3, STM32MP253CAK3, STM32MP253CAL3, STM32MP253DAI3, STM32MP253DAK3, STM32MP253DAL3, STM32MP253FAI3, STM32MP253FAK3, STM32MP253FAL3, STM32MP255AAI3, STM32MP255AAK3, STM32MP255AAL3, STM32MP255CAI3, STM32MP255CAK3, STM32MP255CAL3, STM32MP255DAI3, STM32MP255DAK3, STM32MP255DAL3, STM32MP255FAI3, STM32MP255FAK3, STM32MP255FAL3, STM32MP257AAI3, STM32MP257AAK3, STM32MP257AAL3, STM32MP257CAI3, STM32MP257CAK3, STM32MP257CAL3, STM32MP257DAI3, STM32MP257DAK3, STM32MP257DAL3, STM32MP257F-DK, STM32MP257F-EV1, STM32MP257FAI3, STM32MP257FAK3, STM32MP257FAL3, STM32U031C6T6, STM32U031C6U6, STM32U031C8T6, STM32U031C8U6, STM32U031F4P6, STM32U031F6P6, STM32U031F8P6, STM32U031G6Y6TR, STM32U031G8Y6TR, STM32U031K4U6, STM32U031K6U6, STM32U031K8U6, STM32U031R6I6, STM32U031R6T6, STM32U031R8I6, STM32U031R8T6, STM32U073C8T6, STM32U073C8U6, STM32U073CBT6, STM32U073CBU6, STM32U073CCT6, STM32U073CCU6, STM32U073H8Y6TR, STM32U073HBY6TR, STM32U073HCY6TR, STM32U073K8U6, STM32U073KBU6, STM32U073KCU6, STM32U073M8I6, STM32U073M8T6, STM32U073MBI6, STM32U073MBT6, STM32U073MCI6, STM32U073MCT6, STM32U073R8I6, STM32U073R8T6, STM32U073RBI6, STM32U073RBT6, STM32U073RCI6, STM32U073RCT6, STM32U083C-DK, STM32U083CCT6, STM32U083CCU6, STM32U083HCY6TR, STM32U083KCU6, STM32U083MCI6, STM32U083MCT6, STM32U083RCI6, STM32U083RCT6, STM32U535CBT6, STM32U535CBT6Q, STM32U535CBU6, STM32U535CBU6Q, STM32U535CCT6, STM32U535CCT6Q, STM32U535CCU6, STM32U535CCU6Q, STM32U535CET6, STM32U535CET6Q, STM32U535CEU6, STM32U535CEU6Q, STM32U535JEY6QTR, STM32U535NCY6QTR, STM32U535NEY6QTR, STM32U535RBI6, STM32U535RBI6Q, STM32U535RBT6, STM32U535RBT6Q, STM32U535RCI6, STM32U535RCI6Q, STM32U535RCT6, STM32U535RCT6Q, STM32U535REI6, STM32U535REI6Q, STM32U535RET6, STM32U535RET6Q, STM32U535VCI6, STM32U535VCI6Q, STM32U535VCT6, STM32U535VCT6Q, STM32U535VEI6, STM32U535VEI6Q, STM32U535VET6, STM32U535VET6Q, STM32U545CET6, STM32U545CET6Q, STM32U545CEU6, STM32U545CEU6Q, STM32U545JEY6QTR, STM32U545NEY6QTR, STM32U545REI6, STM32U545REI6Q, STM32U545RET6, STM32U545RET6Q, STM32U545VEI6, STM32U545VEI6Q, STM32U545VET6, STM32U545VET6Q, STM32U595AIH6, STM32U595AIH6Q, STM32U595AJH6, STM32U595AJH6Q, STM32U595QII6, STM32U595QII6Q, STM32U595QJI6, STM32U595QJI6Q, STM32U595RIT6, STM32U595RIT6Q, STM32U595RJT6, STM32U595RJT6Q, STM32U595VIT6, STM32U595VIT6Q, STM32U595VJT6, STM32U595VJT6Q, STM32U595ZIT6, STM32U595ZIT6Q, STM32U595ZIY6QTR, STM32U595ZJT6, STM32U595ZJT6Q, STM32U595ZJY6QTR, STM32U599BJY6QTR, STM32U599NIH6Q, STM32U599NJH6Q, STM32U599VIT6Q, STM32U599VJT6, STM32U599VJT6Q, STM32U599ZIT6Q, STM32U599ZIY6QTR, STM32U599ZJT6Q, STM32U599ZJY6QTR, STM32U5A5AJH6, STM32U5A5AJH6Q, STM32U5A5QII3Q , STM32U5A5QJI6, STM32U5A5QJI6Q, STM32U5A5RJT6, STM32U5A5RJT6Q, STM32U5A5VJT6, STM32U5A5VJT6Q, STM32U5A5ZJT6, STM32U5A5ZJT6Q, STM32U5A5ZJY6QTR, STM32U5A9BJY6QTR, STM32U5A9J-DK, STM32U5A9NJH6Q, STM32U5A9VJT6Q, STM32U5A9ZJT6Q, STM32U5A9ZJY6QTR, STM32U5F7VIT6, STM32U5F7VIT6Q, STM32U5F7VJT6, STM32U5F7VJT6Q, STM32U5F9BJY6QTR, STM32U5F9NJH6Q, STM32U5F9VIT6Q, STM32U5F9VJT6Q, STM32U5F9ZIJ6QTR, STM32U5F9ZIT6Q, STM32U5F9ZJJ6QTR, STM32U5F9ZJT6Q, STM32U5G7VJT6, STM32U5G7VJT6Q, STM32U5G9BJY6QTR, STM32U5G9J-DK1, STM32U5G9J-DK2, STM32U5G9NJH6Q, STM32U5G9VJT6Q, STM32U5G9ZJJ6QTR, STM32U5G9ZJT6Q, STM32WB05KZV6TR, STM32WB05KZV7TR, STM32WB05TZF6TR, STM32WB05TZF7TR, STM32WB06CCF6TR, STM32WB06CCF7TR, STM32WB06CCV6TR, STM32WB06CCV7TR, STM32WB06KCV6TR, STM32WB06KCV7TR, STM32WB07CCF6TR, STM32WB07CCF7TR, STM32WB07CCV6TR, STM32WB07CCV7TR, STM32WB07KCV6TR, STM32WB07KCV7TR, STM32WB09KEV6TR, STM32WB09KEV7TR, STM32WB09TEF6TR, STM32WB09TEF7TR, STM32WB1MMCH6, STM32WBA50KGU6, STM32WBA50KGU6TR, STM32WBA52CEU6, STM32WBA52CEU6TR, STM32WBA52CEU7, STM32WBA52CEU7TR, STM32WBA52CGU6, STM32WBA52CGU6TR, STM32WBA52CGU6U, STM32WBA52CGU7, STM32WBA52CGU7TR, STM32WBA52KEU6, STM32WBA52KEU6TR, STM32WBA52KGU6, STM32WBA52KGU6TR, STM32WBA54CEU6, STM32WBA54CEU6TR, STM32WBA54CEU7, STM32WBA54CEU7TR, STM32WBA54CGU6, STM32WBA54CGU6TR, STM32WBA54CGU7, STM32WBA54CGU7TR, STM32WBA54KEU6, STM32WBA54KEU6TR, STM32WBA54KEU7, STM32WBA54KEU7TR, STM32WBA54KGU6, STM32WBA54KGU6TR, STM32WBA54KGU7, STM32WBA54KGU7TR, STM32WBA55CEU6, STM32WBA55CEU6TR, STM32WBA55CEU7, STM32WBA55CEU7TR, STM32WBA55CGU6, STM32WBA55CGU6TR, STM32WBA55CGU6U, STM32WBA55CGU7, STM32WBA55CGU7TR, STM32WBA55G-DK1, STM32WBA55HEF6, STM32WBA55HEF7, STM32WBA55HGF6, STM32WBA55HGF7, STM32WBA55UEI6, STM32WBA55UEI6TR, STM32WBA55UEI7, STM32WBA55UEI7TR, STM32WBA55UGI6, STM32WBA55UGI6TR, STM32WBA55UGI7, STM32WBA55UGI7TR, STM32WL5MOCH6, STM32WL5MOCH6TR]
2024-09-24 15:28:44,131 [INFO] DbMcus:218 - Found 4252 MCUs, 4252 are supported
2024-09-24 15:28:44,131 [INFO] ApiDb:414 - User favorites file not found: C:\Users\DerekDuan/.stm32cubeide/favorites.mcus.txt
2024-09-24 15:28:44,131 [INFO] DbMcus:224 - Set 0 / 0 favorites MCUs
2024-09-24 15:28:44,305 [INFO] ApiDb:668 - CubeFinder database Data Model version=2.1
2024-09-24 15:28:44,305 [INFO] ApiDb:669 - CubeFinder database Configuration version=3.0.39
2024-09-24 15:28:44,305 [INFO] ApiDb:670 - CubeFinder database generation date=2024-09-16 (1726485674)
2024-09-24 15:28:44,305 [INFO] ApiDb:671 - CubeFinder database FW Pack versions=[FP-ATR-ASTRA1_V2.0.0, FP-SNS-FLIGHT1_V5.0.2, FP-SNS-MOTENV1_V5.0.0, FP-SNS-MOTENVWB1_V1.4.0, FP-SNS-SMARTAG2_V1.2.0, FP-SNS-STBOX1_V2.0.0, STM32Cube_FW_C0_V1.2.0, STM32Cube_FW_F4_V1.28.1, STM32Cube_FW_F7_V1.17.2, STM32Cube_FW_G0_V1.6.2, STM32Cube_FW_G4_V1.6.0, STM32Cube_FW_H5_V1.3.0, STM32Cube_FW_H7RS_V1.1.0, STM32Cube_FW_H7_V1.11.2, STM32Cube_FW_L0_V1.12.2, STM32Cube_FW_L5_V1.5.1, STM32Cube_FW_U0_V1.1.0, STM32Cube_FW_U5_V1.6.0, STM32Cube_FW_WB0_V1.0.0, STM32Cube_FW_WBA_V1.4.1, STM32Cube_FW_WB_V1.20.0, STM32Cube_FW_WL_V1.3.0, X-CUBE-ALGOBUILD_V1.4.0, X-CUBE-ALS_V1.0.2, X-CUBE-AZRTOS-F4_V1.1.0, X-CUBE-AZRTOS-F7_V1.1.0, X-CUBE-AZRTOS-G0_V1.1.0, X-CUBE-AZRTOS-G4_V2.0.0, X-CUBE-AZRTOS-H7RS_V1.0.0, X-CUBE-AZRTOS-H7_V3.2.0, X-CUBE-AZRTOS-L4_V2.0.0, X-CUBE-AZRTOS-L5_V2.0.0, X-CUBE-AZRTOS-WB_V2.0.0, X-CUBE-AZRTOS-WL_V2.0.0, X-CUBE-BLE1_V7.0.0, X-CUBE-BLE2_V3.3.0, X-CUBE-BLEMGR_V3.1.0, X-CUBE-EEPRMA1_V5.1.0, X-CUBE-FREERTOS_V1.2.0, X-CUBE-GNSS1_V6.0.0, X-CUBE-MEMS1_V11.0.0, X-CUBE-NFC4_V3.0.0, X-CUBE-NFC7_V1.0.1, X-CUBE-SFXS2LP1_V4.0.0, X-CUBE-SUBG2_V5.0.0, X-CUBE-TOF1_V3.4.2]
2024-09-24 15:28:44,342 [INFO] DbBoardsSqlite:226 - include board P-NUCLEO-WB55-NUCLEO as a kit item of type 'Nucleo-64'
2024-09-24 15:28:44,342 [INFO] DbBoardsSqlite:226 - include board P-NUCLEO-WB55-USBDONGLE as a kit item of type 'Nucleo USB Dongle'
2024-09-24 15:28:44,342 [INFO] DbBoardsSqlite:226 - include board STEVAL-IDP005V1 as a kit item of type 'Evaluation Board'
2024-09-24 15:28:44,342 [INFO] DbBoardsSqlite:226 - include board STEVAL-IDP005V2 as a kit item of type 'Evaluation Board'
2024-09-24 15:28:44,375 [INFO] ApiDb:240 - Found 646 in-development CPN: [B-G473E-ZEST1S, B-WB1M-WPAN1, B-WL5M-SUBG1, NUCLEO-C031C6, NUCLEO-C071RB, NUCLEO-H503RB, NUCLEO-H533RE, NUCLEO-H563ZI, NUCLEO-H7S3L8, NUCLEO-U031R8, NUCLEO-U083RC, NUCLEO-U545RE-Q, NUCLEO-U5A5ZJ-Q, NUCLEO-WB05KZ, NUCLEO-WB07CC, NUCLEO-WB09KE, NUCLEO-WBA52CG, NUCLEO-WBA55CG, STEVAL-PROTEUS1, STEVAL-SMARTAG2, STEVAL-STWINBX1, STM320518-EVAL, STM32C0116-DK, STM32C011D6Y3TR, STM32C011D6Y6TR, STM32C011F4P3, STM32C011F4P6, STM32C011F4U3, STM32C011F4U6TR, STM32C011F6P3, STM32C011F6P6, STM32C011F6U3, STM32C011F6U6TR, STM32C011J4M3, STM32C011J4M6, STM32C011J6M3, STM32C011J6M6, STM32C0316-DK, STM32C031C4T3, STM32C031C4T6, STM32C031C4U3, STM32C031C4U6, STM32C031C6T3, STM32C031C6T6, STM32C031C6U3, STM32C031C6U6, STM32C031F4P3, STM32C031F4P6, STM32C031F6P3, STM32C031F6P6, STM32C031G4U3, STM32C031G4U6, STM32C031G6U3, STM32C031G6U6, STM32C031K4T3, STM32C031K4T6, STM32C031K4U3, STM32C031K4U6, STM32C031K6T3, STM32C031K6T6, STM32C031K6U3, STM32C031K6U6, STM32C071C8T6, STM32C071C8T6N, STM32C071C8U6, STM32C071C8U6N, STM32C071CBT6, STM32C071CBT6N, STM32C071CBU6, STM32C071CBU6N, STM32C071F8P6, STM32C071F8P6N, STM32C071FBP6, STM32C071FBP6N, STM32C071FBY6TR, STM32C071G8U6, STM32C071G8U6N, STM32C071GBU6, STM32C071GBU6N, STM32C071K8T6, STM32C071K8T6N, STM32C071K8U6, STM32C071K8U6N, STM32C071KBT6, STM32C071KBT6N, STM32C071KBU6, STM32C071KBU6N, STM32C071R8T6, STM32C071R8T6N, STM32C071RBI6N, STM32C071RBT6, STM32C071RBT6N, STM32G071K8TXN, STM32G071K8UXN, STM32G081GBU6N, STM32G081KBT6N, STM32G081KBUXN, STM32G0B1CCT6N, STM32G0B1KCT6, STM32G0B1NEY6TR, STM32G0B1RCT6N, STM32G0C1CCT6, STM32G0C1CCT6N, STM32G0C1CCU6N, STM32G0C1CET6N, STM32G0C1CEU6N, STM32G0C1KCT6, STM32G0C1NEY6TR, STM32G0C1RCI6N, STM32G0C1RCT6N, STM32G0C1REI6N, STM32G0C1RET6N, STM32G0C1VCI6, STM32G0C1VEI6, STM32G411C6T3, STM32G411C6T6, STM32G411C6U3, STM32G411C6U6, STM32G411C8T3, STM32G411C8T6, STM32G411C8U3, STM32G411C8U6, STM32G411CBT3, STM32G411CBT6, STM32G411CBU3, STM32G411CBU6, STM32G411K6T3, STM32G411K6T6, STM32G411K6U3, STM32G411K6U6, STM32G411K8T3, STM32G411K8T6, STM32G411K8U3, STM32G411K8U6, STM32G411KBT3, STM32G411KBT6, STM32G411KBU3, STM32G411KBU6, STM32G411M6T3, STM32G411M6T6, STM32G411M8T3, STM32G411M8T6, STM32G411MBT3, STM32G411MBT6, STM32G411R6T3, STM32G411R6T6, STM32G411R8T3, STM32G411R8T6, STM32G411RBT3, STM32G411RBT6, STM32G414CBT3, STM32G414CBT6, STM32G414CBU3, STM32G414CBU6, STM32G414CCT3, STM32G414CCT6, STM32G414CCU3, STM32G414CCU6, STM32G414MBT3, STM32G414MBT6, STM32G414MCT3, STM32G414MCT6, STM32G414RBT3, STM32G414RBT6, STM32G414RCT3, STM32G414RCT6, STM32G414VBT3, STM32G414VBT6, STM32G414VCT3, STM32G414VCT6, STM32G431CBT3Z, STM32G431RBT3Z, STM32G471CCT6, STM32G471CCU6, STM32G471CET3, STM32G471CET6, STM32G471CEU3, STM32G471CEU6, STM32G471MCT6, STM32G471MET3, STM32G471MET6, STM32G471MEY6TR, STM32G471QCT6, STM32G471QET3, STM32G471RCT6, STM32G471RET3, STM32G471RET6, STM32G471VCH6, STM32G471VCI6, STM32G471VCT6, STM32G471VEH3, STM32G471VEH6, STM32G471VEI3, STM32G471VEI6, STM32G471VET3, STM32G471VET6, STM32G473QET3Z, STM32G473RET3Z, STM32G474CCT6, STM32G491RET3Z, STM32H503CBT6, STM32H503CBU6, STM32H503EBY6TR, STM32H503KBU6, STM32H503RBT6, STM32H523CCT6, STM32H523CCU6, STM32H523CET6, STM32H523CEU6, STM32H523HEY6TR, STM32H523RCT6, STM32H523RET6, STM32H523VCI6, STM32H523VCT6, STM32H523VEI6, STM32H523VET6, STM32H523ZCJ6, STM32H523ZCT6, STM32H523ZEJ6, STM32H523ZET6, STM32H533CET6, STM32H533CEU6, STM32H533HEY6TR, STM32H533RET6, STM32H533VEI6, STM32H533VET6, STM32H533ZEJ6, STM32H533ZET6, STM32H562AGI6, STM32H562AII6, STM32H562IGK6, STM32H562IGT6, STM32H562IIK6, STM32H562IIT6, STM32H562RGT6, STM32H562RGV6, STM32H562RIT6, STM32H562RIV6, STM32H562VGT6, STM32H562VIT6, STM32H562ZGT6, STM32H562ZIT6, STM32H563AGI6, STM32H563AII3Q, STM32H563AII6, STM32H563IGK6, STM32H563IGT6, STM32H563IIK3Q, STM32H563IIK6, STM32H563IIT3Q, STM32H563IIT6, STM32H563MIY3QTR, STM32H563RGT6, STM32H563RGV6, STM32H563RIT6, STM32H563RIV6, STM32H563VGT6, STM32H563VIT3Q, STM32H563VIT6, STM32H563ZGT6, STM32H563ZIT3Q, STM32H563ZIT6, STM32H573AII3Q, STM32H573AII6, STM32H573I-DK, STM32H573IIK3Q, STM32H573IIK6, STM32H573IIT3Q, STM32H573IIT6, STM32H573MIY3QTR, STM32H573RIT6, STM32H573RIV6, STM32H573VIT3Q, STM32H573VIT6, STM32H573ZIT3Q, STM32H573ZIT6, STM32H7R3A8I6, STM32H7R3I8K6, STM32H7R3I8T6, STM32H7R3L8H6, STM32H7R3L8H6H, STM32H7R3R8V6, STM32H7R3V8H6, STM32H7R3V8T6, STM32H7R3V8Y6TR, STM32H7R3Z8J6, STM32H7R3Z8T6, STM32H7R7A8I6, STM32H7R7I8K6, STM32H7R7I8T6, STM32H7R7L8H6, STM32H7R7L8H6H, STM32H7R7Z8J6, STM32H7S3A8I6, STM32H7S3I8K6, STM32H7S3I8T6, STM32H7S3L8H6, STM32H7S3L8H6H, STM32H7S3R8V6, STM32H7S3V8H6, STM32H7S3V8T6, STM32H7S3V8Y6TR, STM32H7S3Z8J6, STM32H7S3Z8T6, STM32H7S78-DK, STM32H7S7A8I6, STM32H7S7I8K6, STM32H7S7I8T6, STM32H7S7L8H6, STM32H7S7L8H6H, STM32H7S7Z8J6, STM32L4R5QGI6STR, STM32MP131AAE3, STM32MP131AAF3, STM32MP131AAG3, STM32MP131CAE3, STM32MP131CAF3, STM32MP131CAG3, STM32MP131DAE7, STM32MP131DAF7, STM32MP131DAG7, STM32MP131FAE7, STM32MP131FAF7, STM32MP131FAG7, STM32MP133AAE3, STM32MP133AAF3, STM32MP133AAG3, STM32MP133CAE3, STM32MP133CAF3, STM32MP133CAG3, STM32MP133DAE7, STM32MP133DAF7, STM32MP133DAG7, STM32MP133FAE7, STM32MP133FAF7, STM32MP133FAG7, STM32MP135AAE3, STM32MP135AAF3, STM32MP135AAG3, STM32MP135CAE3, STM32MP135CAF3, STM32MP135CAG3, STM32MP135DAE7, STM32MP135DAF7, STM32MP135DAG7, STM32MP135F-DK, STM32MP135FAE7, STM32MP135FAF7, STM32MP135FAF7T, STM32MP135FAF7U, STM32MP135FAG7, STM32MP251AAI3, STM32MP251AAK3, STM32MP251AAL3, STM32MP251CAI3, STM32MP251CAK3, STM32MP251CAL3, STM32MP251DAI3, STM32MP251DAK3, STM32MP251DAL3, STM32MP251FAI3, STM32MP251FAK3, STM32MP251FAL3, STM32MP253AAI3, STM32MP253AAK3, STM32MP253AAL3, STM32MP253CAI3, STM32MP253CAK3, STM32MP253CAL3, STM32MP253DAI3, STM32MP253DAK3, STM32MP253DAL3, STM32MP253FAI3, STM32MP253FAK3, STM32MP253FAL3, STM32MP255AAI3, STM32MP255AAK3, STM32MP255AAL3, STM32MP255CAI3, STM32MP255CAK3, STM32MP255CAL3, STM32MP255DAI3, STM32MP255DAK3, STM32MP255DAL3, STM32MP255FAI3, STM32MP255FAK3, STM32MP255FAL3, STM32MP257AAI3, STM32MP257AAK3, STM32MP257AAL3, STM32MP257CAI3, STM32MP257CAK3, STM32MP257CAL3, STM32MP257DAI3, STM32MP257DAK3, STM32MP257DAL3, STM32MP257F-DK, STM32MP257F-EV1, STM32MP257FAI3, STM32MP257FAK3, STM32MP257FAL3, STM32U031C6T6, STM32U031C6U6, STM32U031C8T6, STM32U031C8U6, STM32U031F4P6, STM32U031F6P6, STM32U031F8P6, STM32U031G6Y6TR, STM32U031G8Y6TR, STM32U031K4U6, STM32U031K6U6, STM32U031K8U6, STM32U031R6I6, STM32U031R6T6, STM32U031R8I6, STM32U031R8T6, STM32U073C8T6, STM32U073C8U6, STM32U073CBT6, STM32U073CBU6, STM32U073CCT6, STM32U073CCU6, STM32U073H8Y6TR, STM32U073HBY6TR, STM32U073HCY6TR, STM32U073K8U6, STM32U073KBU6, STM32U073KCU6, STM32U073M8I6, STM32U073M8T6, STM32U073MBI6, STM32U073MBT6, STM32U073MCI6, STM32U073MCT6, STM32U073R8I6, STM32U073R8T6, STM32U073RBI6, STM32U073RBT6, STM32U073RCI6, STM32U073RCT6, STM32U083C-DK, STM32U083CCT6, STM32U083CCU6, STM32U083HCY6TR, STM32U083KCU6, STM32U083MCI6, STM32U083MCT6, STM32U083RCI6, STM32U083RCT6, STM32U535CBT6, STM32U535CBT6Q, STM32U535CBU6, STM32U535CBU6Q, STM32U535CCT6, STM32U535CCT6Q, STM32U535CCU6, STM32U535CCU6Q, STM32U535CET6, STM32U535CET6Q, STM32U535CEU6, STM32U535CEU6Q, STM32U535JEY6QTR, STM32U535NCY6QTR, STM32U535NEY6QTR, STM32U535RBI6, STM32U535RBI6Q, STM32U535RBT6, STM32U535RBT6Q, STM32U535RCI6, STM32U535RCI6Q, STM32U535RCT6, STM32U535RCT6Q, STM32U535REI6, STM32U535REI6Q, STM32U535RET6, STM32U535RET6Q, STM32U535VCI6, STM32U535VCI6Q, STM32U535VCT6, STM32U535VCT6Q, STM32U535VEI6, STM32U535VEI6Q, STM32U535VET6, STM32U535VET6Q, STM32U545CET6, STM32U545CET6Q, STM32U545CEU6, STM32U545CEU6Q, STM32U545JEY6QTR, STM32U545NEY6QTR, STM32U545REI6, STM32U545REI6Q, STM32U545RET6, STM32U545RET6Q, STM32U545VEI6, STM32U545VEI6Q, STM32U545VET6, STM32U545VET6Q, STM32U595AIH6, STM32U595AIH6Q, STM32U595AJH6, STM32U595AJH6Q, STM32U595QII6, STM32U595QII6Q, STM32U595QJI6, STM32U595QJI6Q, STM32U595RIT6, STM32U595RIT6Q, STM32U595RJT6, STM32U595RJT6Q, STM32U595VIT6, STM32U595VIT6Q, STM32U595VJT6, STM32U595VJT6Q, STM32U595ZIT6, STM32U595ZIT6Q, STM32U595ZIY6QTR, STM32U595ZJT6, STM32U595ZJT6Q, STM32U595ZJY6QTR, STM32U599BJY6QTR, STM32U599NIH6Q, STM32U599NJH6Q, STM32U599VIT6Q, STM32U599VJT6, STM32U599VJT6Q, STM32U599ZIT6Q, STM32U599ZIY6QTR, STM32U599ZJT6Q, STM32U599ZJY6QTR, STM32U5A5AJH6, STM32U5A5AJH6Q, STM32U5A5QII3Q , STM32U5A5QJI6, STM32U5A5QJI6Q, STM32U5A5RJT6, STM32U5A5RJT6Q, STM32U5A5VJT6, STM32U5A5VJT6Q, STM32U5A5ZJT6, STM32U5A5ZJT6Q, STM32U5A5ZJY6QTR, STM32U5A9BJY6QTR, STM32U5A9J-DK, STM32U5A9NJH6Q, STM32U5A9VJT6Q, STM32U5A9ZJT6Q, STM32U5A9ZJY6QTR, STM32U5F7VIT6, STM32U5F7VIT6Q, STM32U5F7VJT6, STM32U5F7VJT6Q, STM32U5F9BJY6QTR, STM32U5F9NJH6Q, STM32U5F9VIT6Q, STM32U5F9VJT6Q, STM32U5F9ZIJ6QTR, STM32U5F9ZIT6Q, STM32U5F9ZJJ6QTR, STM32U5F9ZJT6Q, STM32U5G7VJT6, STM32U5G7VJT6Q, STM32U5G9BJY6QTR, STM32U5G9J-DK1, STM32U5G9J-DK2, STM32U5G9NJH6Q, STM32U5G9VJT6Q, STM32U5G9ZJJ6QTR, STM32U5G9ZJT6Q, STM32WB05KZV6TR, STM32WB05KZV7TR, STM32WB05TZF6TR, STM32WB05TZF7TR, STM32WB06CCF6TR, STM32WB06CCF7TR, STM32WB06CCV6TR, STM32WB06CCV7TR, STM32WB06KCV6TR, STM32WB06KCV7TR, STM32WB07CCF6TR, STM32WB07CCF7TR, STM32WB07CCV6TR, STM32WB07CCV7TR, STM32WB07KCV6TR, STM32WB07KCV7TR, STM32WB09KEV6TR, STM32WB09KEV7TR, STM32WB09TEF6TR, STM32WB09TEF7TR, STM32WB1MMCH6, STM32WBA50KGU6, STM32WBA50KGU6TR, STM32WBA52CEU6, STM32WBA52CEU6TR, STM32WBA52CEU7, STM32WBA52CEU7TR, STM32WBA52CGU6, STM32WBA52CGU6TR, STM32WBA52CGU6U, STM32WBA52CGU7, STM32WBA52CGU7TR, STM32WBA52KEU6, STM32WBA52KEU6TR, STM32WBA52KGU6, STM32WBA52KGU6TR, STM32WBA54CEU6, STM32WBA54CEU6TR, STM32WBA54CEU7, STM32WBA54CEU7TR, STM32WBA54CGU6, STM32WBA54CGU6TR, STM32WBA54CGU7, STM32WBA54CGU7TR, STM32WBA54KEU6, STM32WBA54KEU6TR, STM32WBA54KEU7, STM32WBA54KEU7TR, STM32WBA54KGU6, STM32WBA54KGU6TR, STM32WBA54KGU7, STM32WBA54KGU7TR, STM32WBA55CEU6, STM32WBA55CEU6TR, STM32WBA55CEU7, STM32WBA55CEU7TR, STM32WBA55CGU6, STM32WBA55CGU6TR, STM32WBA55CGU6U, STM32WBA55CGU7, STM32WBA55CGU7TR, STM32WBA55G-DK1, STM32WBA55HEF6, STM32WBA55HEF7, STM32WBA55HGF6, STM32WBA55HGF7, STM32WBA55UEI6, STM32WBA55UEI6TR, STM32WBA55UEI7, STM32WBA55UEI7TR, STM32WBA55UGI6, STM32WBA55UGI6TR, STM32WBA55UGI7, STM32WBA55UGI7TR, STM32WL5MOCH6, STM32WL5MOCH6TR]
2024-09-24 15:28:44,488 [INFO] BoardInfo:889 - No configuration file found for board P-NUCLEO-WB55
2024-09-24 15:28:44,488 [INFO] DbBoards:161 - Kit is not supported: P-NUCLEO-WB55
2024-09-24 15:28:44,493 [INFO] BoardInfo:889 - No configuration file found for board STEVAL-BFA001V1B
2024-09-24 15:28:44,493 [INFO] DbBoards:161 - Kit is not supported: STEVAL-BFA001V1B
2024-09-24 15:28:44,494 [INFO] BoardInfo:889 - No configuration file found for board STEVAL-BFA001V2B
2024-09-24 15:28:44,494 [INFO] DbBoards:161 - Kit is not supported: STEVAL-BFA001V2B
2024-09-24 15:28:44,620 [INFO] DbBoards:168 - Found 201 boards, 198 are supported
2024-09-24 15:28:44,620 [INFO] DbBoards:169 - Found 201 boards, 25 of them is supported for  Bsp
2024-09-24 15:28:44,623 [INFO] ApiDb:414 - User favorites file not found: C:\Users\DerekDuan/.stm32cubeide/favorites.boards.txt
2024-09-24 15:28:44,623 [INFO] DbBoards:198 - Set 0 / 0 favorites Boards
2024-09-24 15:28:44,625 [INFO] ApiDb:668 - CubeFinder database Data Model version=2.1
2024-09-24 15:28:44,625 [INFO] ApiDb:669 - CubeFinder database Configuration version=3.0.39
2024-09-24 15:28:44,625 [INFO] ApiDb:670 - CubeFinder database generation date=2024-09-16 (1726485674)
2024-09-24 15:28:44,625 [INFO] ApiDb:671 - CubeFinder database FW Pack versions=[FP-ATR-ASTRA1_V2.0.0, FP-SNS-FLIGHT1_V5.0.2, FP-SNS-MOTENV1_V5.0.0, FP-SNS-MOTENVWB1_V1.4.0, FP-SNS-SMARTAG2_V1.2.0, FP-SNS-STBOX1_V2.0.0, STM32Cube_FW_C0_V1.2.0, STM32Cube_FW_F4_V1.28.1, STM32Cube_FW_F7_V1.17.2, STM32Cube_FW_G0_V1.6.2, STM32Cube_FW_G4_V1.6.0, STM32Cube_FW_H5_V1.3.0, STM32Cube_FW_H7RS_V1.1.0, STM32Cube_FW_H7_V1.11.2, STM32Cube_FW_L0_V1.12.2, STM32Cube_FW_L5_V1.5.1, STM32Cube_FW_U0_V1.1.0, STM32Cube_FW_U5_V1.6.0, STM32Cube_FW_WB0_V1.0.0, STM32Cube_FW_WBA_V1.4.1, STM32Cube_FW_WB_V1.20.0, STM32Cube_FW_WL_V1.3.0, X-CUBE-ALGOBUILD_V1.4.0, X-CUBE-ALS_V1.0.2, X-CUBE-AZRTOS-F4_V1.1.0, X-CUBE-AZRTOS-F7_V1.1.0, X-CUBE-AZRTOS-G0_V1.1.0, X-CUBE-AZRTOS-G4_V2.0.0, X-CUBE-AZRTOS-H7RS_V1.0.0, X-CUBE-AZRTOS-H7_V3.2.0, X-CUBE-AZRTOS-L4_V2.0.0, X-CUBE-AZRTOS-L5_V2.0.0, X-CUBE-AZRTOS-WB_V2.0.0, X-CUBE-AZRTOS-WL_V2.0.0, X-CUBE-BLE1_V7.0.0, X-CUBE-BLE2_V3.3.0, X-CUBE-BLEMGR_V3.1.0, X-CUBE-EEPRMA1_V5.1.0, X-CUBE-FREERTOS_V1.2.0, X-CUBE-GNSS1_V6.0.0, X-CUBE-MEMS1_V11.0.0, X-CUBE-NFC4_V3.0.0, X-CUBE-NFC7_V1.0.1, X-CUBE-SFXS2LP1_V4.0.0, X-CUBE-SUBG2_V5.0.0, X-CUBE-TOF1_V3.4.2]
2024-09-24 15:28:45,127 [ERROR] DbExamplesSqlite:437 - Missing JSON key: board_cpn
2024-09-24 15:28:45,127 [ERROR] DbExamplesSqlite:437 - Missing JSON key: board_cpn
2024-09-24 15:28:45,127 [ERROR] DbExamplesSqlite:437 - Missing JSON key: board_cpn
2024-09-24 15:28:45,127 [ERROR] DbExamplesSqlite:437 - Missing JSON key: board_cpn
2024-09-24 15:28:45,222 [ERROR] DbExamplesSqlite:437 - Missing JSON key: board_cpn
2024-09-24 15:28:45,222 [ERROR] DbExamplesSqlite:437 - Missing JSON key: board_cpn
2024-09-24 15:28:45,222 [ERROR] DbExamplesSqlite:437 - Missing JSON key: board_cpn
2024-09-24 15:28:45,223 [ERROR] DbExamplesSqlite:437 - Missing JSON key: board_cpn
2024-09-24 15:28:45,223 [ERROR] DbExamplesSqlite:437 - Missing JSON key: board_cpn
2024-09-24 15:28:45,223 [ERROR] DbExamplesSqlite:437 - Missing JSON key: board_cpn
2024-09-24 15:28:45,223 [ERROR] DbExamplesSqlite:437 - Missing JSON key: board_cpn
2024-09-24 15:28:45,223 [ERROR] DbExamplesSqlite:437 - Missing JSON key: board_cpn
2024-09-24 15:28:45,223 [ERROR] DbExamplesSqlite:437 - Missing JSON key: board_cpn
2024-09-24 15:28:45,224 [INFO] DbExamplesSqlite:395 - Ignored 28 examples not supported by CubeIDE
2024-09-24 15:28:45,224 [INFO] DbExamplesSqlite:396 - Found 8614 examples active
2024-09-24 15:28:45,224 [INFO] DbExamplesSqlite:397 - Found 0 examples obsolete
2024-09-24 15:28:45,224 [INFO] DbExamplesSqlite:398 - Found 0 examples under development
2024-09-24 15:28:45,224 [INFO] DbExamplesSqlite:399 - Found 10 examples not building
2024-09-24 15:28:45,226 [INFO] DbExamples:125 - Found 8596 examples
2024-09-24 15:28:45,236 [INFO] DbExamples:222 - Found 108 boards with related examples
2024-09-24 15:28:45,237 [INFO] DbExamples:235 - Found 90 MCUs with related examples
2024-09-24 15:28:45,253 [INFO] ApiDb:414 - User favorites file not found: C:\Users\DerekDuan/.stm32cubeide/favorites.examples.txt
2024-09-24 15:28:45,253 [INFO] DbExamples:250 - Set 0 / 0 favorites Examples
2024-09-24 15:28:45,347 [INFO] McuFinderGlobals:76 - Set McuFinderConnectedMode to true
2024-09-24 15:28:45,355 [INFO] MultiScanPanel:200 - Auto-refresh data requested => check proxy status ongoing
2024-09-24 15:28:45,357 [INFO] FinderPluginLoader:95 - Searching for filters in installed packs
2024-09-24 15:28:46,441 [INFO] LoadUrlFilesThread:185 - End of LoadServerUrlFiles without Thread
2024-09-24 15:28:46,468 [INFO] DetailPanel:341 - Set advertising image to C:/Users/DerekDuan/STM32Cube/Repository/\en.prom-stm32c071-usb-memories-mcu-finder.png
2024-09-24 15:33:48,526 [INFO] McuFinderGlobals:76 - Set McuFinderConnectedMode to true
2024-09-24 15:33:48,776 [INFO] ApiDb:448 - Save user favorites file C:\Users\DerekDuan/.stm32cubeide/favorites.mcus.txt: 0 item(s)
2024-09-24 15:33:48,776 [INFO] ApiDb:452 - User favorites MCUs=[]
2024-09-24 15:37:22,411 [ERROR] LogOutputStream:75 - [STDERR_REDIRECT] 
2024-09-24 15:37:22,413 [ERROR] LogOutputStream:75 - [STDERR_REDIRECT] 
